c-1-11
Tue 26 Jul 2022 12:32:20 AM CDT
Warning : `load_model` does not return WordVectorModel or SupervisedModel any more, but a `FastText` object which is very similar.
Load_anxia
Load_dep
Load pretrained
Begins experiments 

Traceback (most recent call last):
  File "/home/est_posgrado_maria.garcia/Proyecto_tecnologico/Sim_key/sim_dep_key2.py", line 84, in <module>
    with multiprocessing.Pool(processes=multiprocessing.cpu_count()) as pool:
NameError: name 'multiprocessing' is not defined
Warning : `load_model` does not return WordVectorModel or SupervisedModel any more, but a `FastText` object which is very similar.
Load_anxia
Load_dep
Load pretrained
Begins experiments

Traceback (most recent call last):
  File "/home/est_posgrado_maria.garcia/Proyecto_tecnologico/Sim_key/sim_dep_key2_2.py", line 86, in <module>
    with multiprocessing.Pool(processes=multiprocessing.cpu_count()) as pool:
NameError: name 'multiprocessing' is not defined
Warning : `load_model` does not return WordVectorModel or SupervisedModel any more, but a `FastText` object which is very similar.
Load_anxia
Load_dep
Load pretrained
Begins experiments

Traceback (most recent call last):
  File "/home/est_posgrado_maria.garcia/Proyecto_tecnologico/Sim_key/sim_dep_key2_3.py", line 85, in <module>
    with multiprocessing.Pool(processes=multiprocessing.cpu_count()) as pool:
NameError: name 'multiprocessing' is not defined
Warning : `load_model` does not return WordVectorModel or SupervisedModel any more, but a `FastText` object which is very similar.
Load_anxia
Load_dep
Load pretrained
Begins experiments
Traceback (most recent call last):
  File "/home/est_posgrado_maria.garcia/Proyecto_tecnologico/Sim_key/sim_dep_key2_4.py", line 85, in <module>
    with multiprocessing.Pool(processes=multiprocessing.cpu_count()) as pool:
NameError: name 'multiprocessing' is not defined
Tue 26 Jul 2022 12:48:40 AM CDT
