c-1-7
Sun 17 Jul 2022 07:19:29 PM CDT
Load_anxia
Load_dep
text extracted for all users
text extracted for all users
text extracted for all users
text extracted for all users
text extracted for all users
text extracted for all users
text extracted for all users
text extracted for all users
text extracted for all users
text extracted for all users
Begins experiments
Quitando stopwords
Finalizado
1500
1500
Iniciando vectorización positiva
end
Iniciando vectorización negativa
end
Quitando stopwords
Finalizado
1300
1300
Iniciando vectorización positiva
end
Iniciando vectorización negativa
end
Quitando stopwords
Finalizado
1500
1500
Iniciando vectorización positiva
end
Iniciando vectorización negativa
end
Quitando stopwords
Finalizado
1400
1400
Iniciando vectorización positiva
end
Iniciando vectorización negativa
end
Quitando stopwords
Finalizado
2500
2500
Iniciando vectorización positiva
end
Iniciando vectorización negativa
end
Quitando stopwords
Finalizado
3000
3000
Iniciando vectorización positiva
end
Iniciando vectorización negativa
end
Quitando stopwords
Finalizado
4000
4000
Iniciando vectorización positiva
end
Iniciando vectorización negativa
end
Quitando stopwords
Finalizado
2400
2400
Iniciando vectorización positiva
end
Iniciando vectorización negativa
end
Quitando stopwords
Finalizado
3000
3000
Iniciando vectorización positiva
end
Iniciando vectorización negativa
end
Quitando stopwords
Finalizado
4000
4000
Iniciando vectorización positiva
end
Iniciando vectorización negativa
end
Quitando stopwords
Finalizado
2600
2600
Iniciando vectorización positiva
end
Iniciando vectorización negativa
end
Quitando stopwords
Finalizado
2900
2900
Iniciando vectorización positiva
end
Iniciando vectorización negativa
end
Quitando stopwords
Finalizado
3200
3200
Iniciando vectorización positiva
end
Iniciando vectorización negativa
end
Quitando stopwords
Finalizado
3700
3700
Iniciando vectorización positiva
end
Iniciando vectorización negativa
end
Quitando stopwords
Finalizado
4200
4200
Iniciando vectorización positiva
end
Iniciando vectorización negativa
end
Quitando stopwords
Finalizado
5200
5200
Iniciando vectorización positiva
end
Iniciando vectorización negativa
end
Quitando stopwords
Finalizado
3100
3100
Iniciando vectorización positiva
end
Iniciando vectorización negativa
end
Quitando stopwords
Finalizado
4000
4000
Iniciando vectorización positiva
end
Iniciando vectorización negativa
end
Quitando stopwords
Finalizado
4500
4500
Iniciando vectorización positiva
end
Iniciando vectorización negativa
end
Quitando stopwords
Finalizado
5000
5000
Iniciando vectorización positiva
end
Iniciando vectorización negativa
end
Quitando stopwords
Finalizado
5500
5500
Iniciando vectorización positiva
end
Iniciando vectorización negativa
end
Quitando stopwords
Finalizado
6500
6500
Iniciando vectorización positiva
end
Iniciando vectorización negativa
end
Quitando stopwords
Finalizado
7000
7000
Iniciando vectorización positiva
end
Iniciando vectorización negativa
end
Quitando stopwords
Finalizado
8000
8000
Iniciando vectorización positiva
end
Iniciando vectorización negativa
end
Quitando stopwords
Finalizado
4100
4100
Iniciando vectorización positiva
end
Iniciando vectorización negativa
end
Quitando stopwords
Finalizado
5000
5000
Iniciando vectorización positiva
end
Iniciando vectorización negativa
end
Quitando stopwords
Finalizado
5500
5500
Iniciando vectorización positiva
end
Iniciando vectorización negativa
end
Quitando stopwords
Finalizado
6000
6000
Iniciando vectorización positiva
end
Iniciando vectorización negativa
end
Quitando stopwords
Finalizado
6500
6500
Iniciando vectorización positiva
end
Iniciando vectorización negativa
end
Quitando stopwords
Finalizado
7500
7500
Iniciando vectorización positiva
end
Iniciando vectorización negativa
end
Quitando stopwords
Finalizado
8000
8000
Iniciando vectorización positiva
end
Iniciando vectorización negativa
end
Quitando stopwords
Finalizado
9000
9000
Iniciando vectorización positiva
end
Iniciando vectorización negativa
end
Quitando stopwords
Finalizado
1100
1100
Iniciando vectorización positiva
end
Iniciando vectorización negativa
end
Quitando stopwords
Finalizado
1500
1500
Iniciando vectorización positiva
end
Iniciando vectorización negativa
end
Quitando stopwords
Finalizado
2500
2500
Iniciando vectorización positiva
end
Iniciando vectorización negativa
end
Quitando stopwords
Finalizado
3100
3100
Iniciando vectorización positiva
end
Iniciando vectorización negativa
end
Quitando stopwords
Finalizado
3500
3500
Iniciando vectorización positiva
end
Iniciando vectorización negativa
end
Quitando stopwords
Finalizado
2000
2000
Iniciando vectorización positiva
end
Iniciando vectorización negativa
end
Quitando stopwords
Finalizado
3000
3000
Iniciando vectorización positiva
end
Iniciando vectorización negativa
end
Quitando stopwords
Finalizado
4000
4000
Iniciando vectorización positiva
end
Iniciando vectorización negativa
end
1500
1500
Iniciando vectorización positiva
end
Iniciando vectorización negativa
end
6000
6000
Iniciando vectorización positiva
end
Iniciando vectorización negativa
end
5000
5000
Iniciando vectorización positiva
end
Iniciando vectorización negativa
end
4500
4500
Iniciando vectorización positiva
end
Iniciando vectorización negativa
end
3500
3500
Iniciando vectorización positiva
end
Iniciando vectorización negativa
end
3000
3000
Iniciando vectorización positiva
end
Iniciando vectorización negativa
end
2500
2500
Iniciando vectorización positiva
end
Iniciando vectorización negativa
end
3000
3000
Iniciando vectorización positiva
end
Iniciando vectorización negativa
end
2100
2100
Iniciando vectorización positiva
end
Iniciando vectorización negativa
end
7000
7000
Iniciando vectorización positiva
end
Iniciando vectorización negativa
end
6200
6200
Iniciando vectorización positiva
end
Iniciando vectorización negativa
end
5700
5700
Iniciando vectorización positiva
end
Iniciando vectorización negativa
end
4700
4700
Iniciando vectorización positiva
end
Iniciando vectorización negativa
end
4200
4200
Iniciando vectorización positiva
end
Iniciando vectorización negativa
end
3700
3700
Iniciando vectorización positiva
end
Iniciando vectorización negativa
end
3200
3200
Iniciando vectorización positiva
end
Iniciando vectorización negativa
end
3100
3100
Iniciando vectorización positiva
end
Iniciando vectorización negativa
end
6000
6000
Iniciando vectorización positiva
end
Iniciando vectorización negativa
end
5000
5000
Iniciando vectorización positiva
end
Iniciando vectorización negativa
end
4500
4500
Iniciando vectorización positiva
end
Iniciando vectorización negativa
end
4000
4000
Iniciando vectorización positiva
end
Iniciando vectorización negativa
end
3700
3700
Iniciando vectorización positiva
end
Iniciando vectorización negativa
end
3400
3400
Iniciando vectorización positiva
end
Iniciando vectorización negativa
end
5000
5000
Iniciando vectorización positiva
end
Iniciando vectorización negativa
end
5000
5000
Iniciando vectorización positiva
end
Iniciando vectorización negativa
end
4400
4400
Iniciando vectorización positiva
end
Iniciando vectorización negativa
end
7000
7000
Iniciando vectorización positiva
end
Iniciando vectorización negativa
end
6000
6000
Iniciando vectorización positiva
end
Iniciando vectorización negativa
end
5500
5500
Iniciando vectorización positiva
end
Iniciando vectorización negativa
end
4400
4400
Iniciando vectorización positiva
end
Iniciando vectorización negativa
end
4500
4500
Iniciando vectorización positiva
end
Iniciando vectorización negativa
end
4300
4300
Iniciando vectorización positiva
end
Iniciando vectorización negativa
end
1100
1100
Iniciando vectorización positiva
end
Iniciando vectorización negativa
end
Traceback (most recent call last):
  File "/home/est_posgrado_maria.garcia/Proyecto_tecnologico/bi_anxia.py", line 96, in <module>
    f = run_exp_anxia_bi(i+1, all_pos, all_neg,test_anxia,test_labels_anxia, feat_bigram[i-40][0], feat_bigram[32-i][1],
IndexError: list index out of range
Mon 18 Jul 2022 06:55:02 AM CDT
