c-1-8
Sun 17 Jul 2022 02:57:53 PM CDT
Load_anxia
Load_dep
Begins experiments
Quitando stopwords
Finalizado
1400
1400
Iniciando vectorización positiva
end
Iniciando vectorización negativa
end
Quitando stopwords
Finalizado
2500
2500
Iniciando vectorización positiva
end
Iniciando vectorización negativa
end
Quitando stopwords
Finalizado
3000
3000
Iniciando vectorización positiva
end
Iniciando vectorización negativa
end
Quitando stopwords
Finalizado
4000
4000
Iniciando vectorización positiva
end
Iniciando vectorización negativa
end
Quitando stopwords
Finalizado
2400
2400
Iniciando vectorización positiva
end
Iniciando vectorización negativa
end
Quitando stopwords
Finalizado
3000
2999
Iniciando vectorización positiva
end
Iniciando vectorización negativa
end
Quitando stopwords
Finalizado
4000
3999
Iniciando vectorización positiva
end
Iniciando vectorización negativa
end
Quitando stopwords
Finalizado
2600
2600
Iniciando vectorización positiva
end
Iniciando vectorización negativa
end
Quitando stopwords
Finalizado
3200
3199
Iniciando vectorización positiva
end
Iniciando vectorización negativa
end
Quitando stopwords
Finalizado
4200
4199
Iniciando vectorización positiva
end
Iniciando vectorización negativa
end
Quitando stopwords
Finalizado
5200
5199
Iniciando vectorización positiva
end
Iniciando vectorización negativa
end
Quitando stopwords
Finalizado
4000
3999
Iniciando vectorización positiva
end
Iniciando vectorización negativa
end
Quitando stopwords
Finalizado
4500
4499
Iniciando vectorización positiva
end
Iniciando vectorización negativa
end
Quitando stopwords
Finalizado
5000
4999
Iniciando vectorización positiva
end
Iniciando vectorización negativa
end
Quitando stopwords
Finalizado
6500
6499
Iniciando vectorización positiva
end
Iniciando vectorización negativa
end
Quitando stopwords
Finalizado
7000
6999
Iniciando vectorización positiva
end
Iniciando vectorización negativa
end
Quitando stopwords
Finalizado
8000
7999
Iniciando vectorización positiva
end
Iniciando vectorización negativa
end
Quitando stopwords
Finalizado
5000
4999
Iniciando vectorización positiva
end
Iniciando vectorización negativa
end
Quitando stopwords
Finalizado
5500
5499
Iniciando vectorización positiva
end
Iniciando vectorización negativa
end
Quitando stopwords
Finalizado
6000
5999
Iniciando vectorización positiva
end
Iniciando vectorización negativa
end
Quitando stopwords
Finalizado
7500
7499
Iniciando vectorización positiva
end
Iniciando vectorización negativa
end
Quitando stopwords
Finalizado
8000
7999
Iniciando vectorización positiva
end
Iniciando vectorización negativa
end
Quitando stopwords
Finalizado
9000
8999
Iniciando vectorización positiva
end
Iniciando vectorización negativa
end
Quitando stopwords
Finalizado
1500
1500
Iniciando vectorización positiva
end
Iniciando vectorización negativa
end
Quitando stopwords
Finalizado
2500
2500
Iniciando vectorización positiva
end
Iniciando vectorización negativa
end
Quitando stopwords
Finalizado
3500
3500
Iniciando vectorización positiva
end
Iniciando vectorización negativa
end
Quitando stopwords
Finalizado
3000
3000
Iniciando vectorización positiva
end
Iniciando vectorización negativa
end
Quitando stopwords
Finalizado
4000
4000
Iniciando vectorización positiva
end
Iniciando vectorización negativa
end
1400
1400
Iniciando vectorización positiva
end
Iniciando vectorización negativa
end
2500
2500
Iniciando vectorización positiva
end
Iniciando vectorización negativa
end
3000
3000
Iniciando vectorización positiva
end
Iniciando vectorización negativa
end
4000
4000
Iniciando vectorización positiva
end
Iniciando vectorización negativa
end
2400
2400
Iniciando vectorización positiva
end
Iniciando vectorización negativa
end
3000
3000
Iniciando vectorización positiva
end
Iniciando vectorización negativa
end
4000
4000
Iniciando vectorización positiva
end
Iniciando vectorización negativa
end
2600
2600
Iniciando vectorización positiva
end
Iniciando vectorización negativa
end
3200
3200
Iniciando vectorización positiva
end
Iniciando vectorización negativa
end
4200
4200
Iniciando vectorización positiva
end
Iniciando vectorización negativa
end
5200
5200
Iniciando vectorización positiva
end
Iniciando vectorización negativa
end
4000
4000
Iniciando vectorización positiva
end
Iniciando vectorización negativa
end
4500
4500
Iniciando vectorización positiva
end
Iniciando vectorización negativa
end
5000
5000
Iniciando vectorización positiva
end
Iniciando vectorización negativa
end
6500
6500
Iniciando vectorización positiva
end
Iniciando vectorización negativa
end
7000
6999
Iniciando vectorización positiva
end
Iniciando vectorización negativa
end
8000
7999
Iniciando vectorización positiva
end
Iniciando vectorización negativa
end
5000
5000
Iniciando vectorización positiva
end
Iniciando vectorización negativa
end
5500
5500
Iniciando vectorización positiva
end
Iniciando vectorización negativa
end
6000
6000
Iniciando vectorización positiva
end
Iniciando vectorización negativa
end
7500
7500
Iniciando vectorización positiva
end
Iniciando vectorización negativa
end
8000
7999
Iniciando vectorización positiva
end
Iniciando vectorización negativa
end
9000
8999
Iniciando vectorización positiva
end
Iniciando vectorización negativa
end
1500
1500
Iniciando vectorización positiva
end
Iniciando vectorización negativa
end
2500
2500
Iniciando vectorización positiva
end
Iniciando vectorización negativa
end
3500
3500
Iniciando vectorización positiva
end
Iniciando vectorización negativa
end
3000
3000
Iniciando vectorización positiva
end
Iniciando vectorización negativa
end
4000
4000
Iniciando vectorización positiva
end
Iniciando vectorización negativa
end
End experiments
Tue 19 Jul 2022 10:24:15 AM CDT
