c-1-40
Sat 13 Aug 2022 04:00:35 PM CDT
Warning : `load_model` does not return WordVectorModel or SupervisedModel any more, but a `FastText` object which is very similar.
Load_anxia
Load_dep
Load pretrained
Load emo
Begins experiments
Experiment: 65
Quitando stopwords
Terminado
Vectorization for train data: Done
Vectorization for test data: Done
/home/est_posgrado_maria.garcia/.conda/envs/proyecto/lib/python3.10/site-packages/sklearn/svm/_base.py:1206: ConvergenceWarning: Liblinear failed to converge, increase the number of iterations.
  warnings.warn(
/home/est_posgrado_maria.garcia/.conda/envs/proyecto/lib/python3.10/site-packages/sklearn/svm/_base.py:1206: ConvergenceWarning: Liblinear failed to converge, increase the number of iterations.
  warnings.warn(
/home/est_posgrado_maria.garcia/.conda/envs/proyecto/lib/python3.10/site-packages/sklearn/svm/_base.py:1206: ConvergenceWarning: Liblinear failed to converge, increase the number of iterations.
  warnings.warn(
/home/est_posgrado_maria.garcia/.conda/envs/proyecto/lib/python3.10/site-packages/sklearn/svm/_base.py:1206: ConvergenceWarning: Liblinear failed to converge, increase the number of iterations.
  warnings.warn(
/home/est_posgrado_maria.garcia/.conda/envs/proyecto/lib/python3.10/site-packages/sklearn/svm/_base.py:1206: ConvergenceWarning: Liblinear failed to converge, increase the number of iterations.
  warnings.warn(
/home/est_posgrado_maria.garcia/.conda/envs/proyecto/lib/python3.10/site-packages/sklearn/svm/_base.py:1206: ConvergenceWarning: Liblinear failed to converge, increase the number of iterations.
  warnings.warn(
/home/est_posgrado_maria.garcia/.conda/envs/proyecto/lib/python3.10/site-packages/sklearn/svm/_base.py:1206: ConvergenceWarning: Liblinear failed to converge, increase the number of iterations.
  warnings.warn(
/home/est_posgrado_maria.garcia/.conda/envs/proyecto/lib/python3.10/site-packages/sklearn/svm/_base.py:1206: ConvergenceWarning: Liblinear failed to converge, increase the number of iterations.
  warnings.warn(
/home/est_posgrado_maria.garcia/.conda/envs/proyecto/lib/python3.10/site-packages/sklearn/svm/_base.py:1206: ConvergenceWarning: Liblinear failed to converge, increase the number of iterations.
  warnings.warn(
/home/est_posgrado_maria.garcia/.conda/envs/proyecto/lib/python3.10/site-packages/sklearn/svm/_base.py:1206: ConvergenceWarning: Liblinear failed to converge, increase the number of iterations.
  warnings.warn(
/home/est_posgrado_maria.garcia/.conda/envs/proyecto/lib/python3.10/site-packages/sklearn/svm/_base.py:1206: ConvergenceWarning: Liblinear failed to converge, increase the number of iterations.
  warnings.warn(
/home/est_posgrado_maria.garcia/.conda/envs/proyecto/lib/python3.10/site-packages/sklearn/svm/_base.py:1206: ConvergenceWarning: Liblinear failed to converge, increase the number of iterations.
  warnings.warn(
/home/est_posgrado_maria.garcia/.conda/envs/proyecto/lib/python3.10/site-packages/sklearn/svm/_base.py:1206: ConvergenceWarning: Liblinear failed to converge, increase the number of iterations.
  warnings.warn(
/home/est_posgrado_maria.garcia/.conda/envs/proyecto/lib/python3.10/site-packages/sklearn/svm/_base.py:1206: ConvergenceWarning: Liblinear failed to converge, increase the number of iterations.
  warnings.warn(
/home/est_posgrado_maria.garcia/.conda/envs/proyecto/lib/python3.10/site-packages/sklearn/svm/_base.py:1206: ConvergenceWarning: Liblinear failed to converge, increase the number of iterations.
  warnings.warn(
/home/est_posgrado_maria.garcia/.conda/envs/proyecto/lib/python3.10/site-packages/sklearn/svm/_base.py:1206: ConvergenceWarning: Liblinear failed to converge, increase the number of iterations.
  warnings.warn(
/home/est_posgrado_maria.garcia/.conda/envs/proyecto/lib/python3.10/site-packages/sklearn/svm/_base.py:1206: ConvergenceWarning: Liblinear failed to converge, increase the number of iterations.
  warnings.warn(
/home/est_posgrado_maria.garcia/.conda/envs/proyecto/lib/python3.10/site-packages/sklearn/svm/_base.py:1206: ConvergenceWarning: Liblinear failed to converge, increase the number of iterations.
  warnings.warn(
/home/est_posgrado_maria.garcia/.conda/envs/proyecto/lib/python3.10/site-packages/sklearn/svm/_base.py:1206: ConvergenceWarning: Liblinear failed to converge, increase the number of iterations.
  warnings.warn(
/home/est_posgrado_maria.garcia/.conda/envs/proyecto/lib/python3.10/site-packages/sklearn/svm/_base.py:1206: ConvergenceWarning: Liblinear failed to converge, increase the number of iterations.
  warnings.warn(
/home/est_posgrado_maria.garcia/.conda/envs/proyecto/lib/python3.10/site-packages/sklearn/svm/_base.py:1206: ConvergenceWarning: Liblinear failed to converge, increase the number of iterations.
  warnings.warn(
/home/est_posgrado_maria.garcia/.conda/envs/proyecto/lib/python3.10/site-packages/sklearn/svm/_base.py:1206: ConvergenceWarning: Liblinear failed to converge, increase the number of iterations.
  warnings.warn(
/home/est_posgrado_maria.garcia/.conda/envs/proyecto/lib/python3.10/site-packages/sklearn/svm/_base.py:1206: ConvergenceWarning: Liblinear failed to converge, increase the number of iterations.
  warnings.warn(
/home/est_posgrado_maria.garcia/.conda/envs/proyecto/lib/python3.10/site-packages/sklearn/svm/_base.py:1206: ConvergenceWarning: Liblinear failed to converge, increase the number of iterations.
  warnings.warn(
/home/est_posgrado_maria.garcia/.conda/envs/proyecto/lib/python3.10/site-packages/sklearn/svm/_base.py:1206: ConvergenceWarning: Liblinear failed to converge, increase the number of iterations.
  warnings.warn(
/home/est_posgrado_maria.garcia/.conda/envs/proyecto/lib/python3.10/site-packages/sklearn/svm/_base.py:1206: ConvergenceWarning: Liblinear failed to converge, increase the number of iterations.
  warnings.warn(
/home/est_posgrado_maria.garcia/.conda/envs/proyecto/lib/python3.10/site-packages/sklearn/svm/_base.py:1206: ConvergenceWarning: Liblinear failed to converge, increase the number of iterations.
  warnings.warn(
/home/est_posgrado_maria.garcia/.conda/envs/proyecto/lib/python3.10/site-packages/sklearn/svm/_base.py:1206: ConvergenceWarning: Liblinear failed to converge, increase the number of iterations.
  warnings.warn(
/home/est_posgrado_maria.garcia/.conda/envs/proyecto/lib/python3.10/site-packages/sklearn/svm/_base.py:1206: ConvergenceWarning: Liblinear failed to converge, increase the number of iterations.
  warnings.warn(
/home/est_posgrado_maria.garcia/.conda/envs/proyecto/lib/python3.10/site-packages/sklearn/svm/_base.py:1206: ConvergenceWarning: Liblinear failed to converge, increase the number of iterations.
  warnings.warn(
/home/est_posgrado_maria.garcia/.conda/envs/proyecto/lib/python3.10/site-packages/sklearn/svm/_base.py:1206: ConvergenceWarning: Liblinear failed to converge, increase the number of iterations.
  warnings.warn(
/home/est_posgrado_maria.garcia/.conda/envs/proyecto/lib/python3.10/site-packages/sklearn/svm/_base.py:1206: ConvergenceWarning: Liblinear failed to converge, increase the number of iterations.
  warnings.warn(
/home/est_posgrado_maria.garcia/.conda/envs/proyecto/lib/python3.10/site-packages/sklearn/svm/_base.py:1206: ConvergenceWarning: Liblinear failed to converge, increase the number of iterations.
  warnings.warn(
/home/est_posgrado_maria.garcia/.conda/envs/proyecto/lib/python3.10/site-packages/sklearn/svm/_base.py:1206: ConvergenceWarning: Liblinear failed to converge, increase the number of iterations.
  warnings.warn(
/home/est_posgrado_maria.garcia/.conda/envs/proyecto/lib/python3.10/site-packages/sklearn/svm/_base.py:1206: ConvergenceWarning: Liblinear failed to converge, increase the number of iterations.
  warnings.warn(
/home/est_posgrado_maria.garcia/.conda/envs/proyecto/lib/python3.10/site-packages/sklearn/svm/_base.py:1206: ConvergenceWarning: Liblinear failed to converge, increase the number of iterations.
  warnings.warn(
/home/est_posgrado_maria.garcia/.conda/envs/proyecto/lib/python3.10/site-packages/sklearn/svm/_base.py:1206: ConvergenceWarning: Liblinear failed to converge, increase the number of iterations.
  warnings.warn(
/home/est_posgrado_maria.garcia/.conda/envs/proyecto/lib/python3.10/site-packages/sklearn/svm/_base.py:1206: ConvergenceWarning: Liblinear failed to converge, increase the number of iterations.
  warnings.warn(
/home/est_posgrado_maria.garcia/.conda/envs/proyecto/lib/python3.10/site-packages/sklearn/svm/_base.py:1206: ConvergenceWarning: Liblinear failed to converge, increase the number of iterations.
  warnings.warn(
/home/est_posgrado_maria.garcia/.conda/envs/proyecto/lib/python3.10/site-packages/sklearn/svm/_base.py:1206: ConvergenceWarning: Liblinear failed to converge, increase the number of iterations.
  warnings.warn(
/home/est_posgrado_maria.garcia/.conda/envs/proyecto/lib/python3.10/site-packages/sklearn/svm/_base.py:1206: ConvergenceWarning: Liblinear failed to converge, increase the number of iterations.
  warnings.warn(
/home/est_posgrado_maria.garcia/.conda/envs/proyecto/lib/python3.10/site-packages/sklearn/svm/_base.py:1206: ConvergenceWarning: Liblinear failed to converge, increase the number of iterations.
  warnings.warn(
/home/est_posgrado_maria.garcia/.conda/envs/proyecto/lib/python3.10/site-packages/sklearn/svm/_base.py:1206: ConvergenceWarning: Liblinear failed to converge, increase the number of iterations.
  warnings.warn(
/home/est_posgrado_maria.garcia/.conda/envs/proyecto/lib/python3.10/site-packages/sklearn/svm/_base.py:1206: ConvergenceWarning: Liblinear failed to converge, increase the number of iterations.
  warnings.warn(
/home/est_posgrado_maria.garcia/.conda/envs/proyecto/lib/python3.10/site-packages/sklearn/svm/_base.py:1206: ConvergenceWarning: Liblinear failed to converge, increase the number of iterations.
  warnings.warn(
/home/est_posgrado_maria.garcia/.conda/envs/proyecto/lib/python3.10/site-packages/sklearn/svm/_base.py:1206: ConvergenceWarning: Liblinear failed to converge, increase the number of iterations.
  warnings.warn(
/home/est_posgrado_maria.garcia/.conda/envs/proyecto/lib/python3.10/site-packages/sklearn/svm/_base.py:1206: ConvergenceWarning: Liblinear failed to converge, increase the number of iterations.
  warnings.warn(
/home/est_posgrado_maria.garcia/.conda/envs/proyecto/lib/python3.10/site-packages/sklearn/svm/_base.py:1206: ConvergenceWarning: Liblinear failed to converge, increase the number of iterations.
  warnings.warn(
/home/est_posgrado_maria.garcia/.conda/envs/proyecto/lib/python3.10/site-packages/sklearn/svm/_base.py:1206: ConvergenceWarning: Liblinear failed to converge, increase the number of iterations.
  warnings.warn(
/home/est_posgrado_maria.garcia/.conda/envs/proyecto/lib/python3.10/site-packages/sklearn/svm/_base.py:1206: ConvergenceWarning: Liblinear failed to converge, increase the number of iterations.
  warnings.warn(
/home/est_posgrado_maria.garcia/.conda/envs/proyecto/lib/python3.10/site-packages/sklearn/svm/_base.py:1206: ConvergenceWarning: Liblinear failed to converge, increase the number of iterations.
  warnings.warn(
/home/est_posgrado_maria.garcia/.conda/envs/proyecto/lib/python3.10/site-packages/sklearn/svm/_base.py:1206: ConvergenceWarning: Liblinear failed to converge, increase the number of iterations.
  warnings.warn(
/home/est_posgrado_maria.garcia/.conda/envs/proyecto/lib/python3.10/site-packages/sklearn/svm/_base.py:1206: ConvergenceWarning: Liblinear failed to converge, increase the number of iterations.
  warnings.warn(
/home/est_posgrado_maria.garcia/.conda/envs/proyecto/lib/python3.10/site-packages/sklearn/svm/_base.py:1206: ConvergenceWarning: Liblinear failed to converge, increase the number of iterations.
  warnings.warn(
/home/est_posgrado_maria.garcia/.conda/envs/proyecto/lib/python3.10/site-packages/sklearn/svm/_base.py:1206: ConvergenceWarning: Liblinear failed to converge, increase the number of iterations.
  warnings.warn(
/home/est_posgrado_maria.garcia/.conda/envs/proyecto/lib/python3.10/site-packages/sklearn/svm/_base.py:1206: ConvergenceWarning: Liblinear failed to converge, increase the number of iterations.
  warnings.warn(
/home/est_posgrado_maria.garcia/.conda/envs/proyecto/lib/python3.10/site-packages/sklearn/svm/_base.py:1206: ConvergenceWarning: Liblinear failed to converge, increase the number of iterations.
  warnings.warn(
/home/est_posgrado_maria.garcia/.conda/envs/proyecto/lib/python3.10/site-packages/sklearn/svm/_base.py:1206: ConvergenceWarning: Liblinear failed to converge, increase the number of iterations.
  warnings.warn(
/home/est_posgrado_maria.garcia/.conda/envs/proyecto/lib/python3.10/site-packages/sklearn/svm/_base.py:1206: ConvergenceWarning: Liblinear failed to converge, increase the number of iterations.
  warnings.warn(
/home/est_posgrado_maria.garcia/.conda/envs/proyecto/lib/python3.10/site-packages/sklearn/svm/_base.py:1206: ConvergenceWarning: Liblinear failed to converge, increase the number of iterations.
  warnings.warn(
/home/est_posgrado_maria.garcia/.conda/envs/proyecto/lib/python3.10/site-packages/sklearn/svm/_base.py:1206: ConvergenceWarning: Liblinear failed to converge, increase the number of iterations.
  warnings.warn(
/home/est_posgrado_maria.garcia/.conda/envs/proyecto/lib/python3.10/site-packages/sklearn/svm/_base.py:1206: ConvergenceWarning: Liblinear failed to converge, increase the number of iterations.
  warnings.warn(
/home/est_posgrado_maria.garcia/.conda/envs/proyecto/lib/python3.10/site-packages/sklearn/svm/_base.py:1206: ConvergenceWarning: Liblinear failed to converge, increase the number of iterations.
  warnings.warn(
done in 91.843862s
Experiment: 66
Quitando stopwords
Terminado
Vectorization for train data: Done
Vectorization for test data: Done
done in 218.596873s
Experiment: 67
Quitando stopwords
Terminado
Vectorization for train data: Done
Vectorization for test data: Done
done in 153.098661s
Experiment: 68
Quitando stopwords
Terminado
Vectorization for train data: Done
Vectorization for test data: Done
done in 160.802786s
Experiment: 69
Quitando stopwords
Terminado
Vectorization for train data: Done
Vectorization for test data: Done
done in 88.729705s
Experiment: 70
Quitando stopwords
Terminado
Vectorization for train data: Done
Vectorization for test data: Done
done in 215.142909s
Experiment: 71
Quitando stopwords
Terminado
Vectorization for train data: Done
Vectorization for test data: Done
done in 150.748926s
Experiment: 72
Quitando stopwords
Terminado
Vectorization for train data: Done
Vectorization for test data: Done
done in 160.262356s
Experiment: 73
Vectorization for train data: Done
Vectorization for test data: Done
done in 115.948558s
Experiment: 74
Vectorization for train data: Done
Vectorization for test data: Done
done in 245.213794s
Experiment: 75
Vectorization for train data: Done
Vectorization for test data: Done
done in 178.185388s
Experiment: 76
Vectorization for train data: Done
Vectorization for test data: Done
done in 187.208452s
Experiment: 77
Vectorization for train data: Done
Vectorization for test data: Done
done in 116.709910s
Experiment: 78
Vectorization for train data: Done
Vectorization for test data: Done
done in 244.839213s
Experiment: 79
Vectorization for train data: Done
Vectorization for test data: Done
done in 180.294041s
Experiment: 80
Vectorization for train data: Done
Vectorization for test data: Done
done in 186.743656s
End experiments
16 16 16 16 16 16
Warning : `load_model` does not return WordVectorModel or SupervisedModel any more, but a `FastText` object which is very similar.
Load_anxia
Load_dep
Load pretrained
Load emo
Begins experiments
Experiment: 81
Quitando stopwords
Terminado
Vectorization for train data: Done
Vectorization for test data: Done
/home/est_posgrado_maria.garcia/.conda/envs/proyecto/lib/python3.10/site-packages/sklearn/svm/_base.py:1206: ConvergenceWarning: Liblinear failed to converge, increase the number of iterations.
  warnings.warn(
/home/est_posgrado_maria.garcia/.conda/envs/proyecto/lib/python3.10/site-packages/sklearn/svm/_base.py:1206: ConvergenceWarning: Liblinear failed to converge, increase the number of iterations.
  warnings.warn(
/home/est_posgrado_maria.garcia/.conda/envs/proyecto/lib/python3.10/site-packages/sklearn/svm/_base.py:1206: ConvergenceWarning: Liblinear failed to converge, increase the number of iterations.
  warnings.warn(
/home/est_posgrado_maria.garcia/.conda/envs/proyecto/lib/python3.10/site-packages/sklearn/svm/_base.py:1206: ConvergenceWarning: Liblinear failed to converge, increase the number of iterations.
  warnings.warn(
/home/est_posgrado_maria.garcia/.conda/envs/proyecto/lib/python3.10/site-packages/sklearn/svm/_base.py:1206: ConvergenceWarning: Liblinear failed to converge, increase the number of iterations.
  warnings.warn(
/home/est_posgrado_maria.garcia/.conda/envs/proyecto/lib/python3.10/site-packages/sklearn/svm/_base.py:1206: ConvergenceWarning: Liblinear failed to converge, increase the number of iterations.
  warnings.warn(
/home/est_posgrado_maria.garcia/.conda/envs/proyecto/lib/python3.10/site-packages/sklearn/svm/_base.py:1206: ConvergenceWarning: Liblinear failed to converge, increase the number of iterations.
  warnings.warn(
/home/est_posgrado_maria.garcia/.conda/envs/proyecto/lib/python3.10/site-packages/sklearn/svm/_base.py:1206: ConvergenceWarning: Liblinear failed to converge, increase the number of iterations.
  warnings.warn(
/home/est_posgrado_maria.garcia/.conda/envs/proyecto/lib/python3.10/site-packages/sklearn/svm/_base.py:1206: ConvergenceWarning: Liblinear failed to converge, increase the number of iterations.
  warnings.warn(
/home/est_posgrado_maria.garcia/.conda/envs/proyecto/lib/python3.10/site-packages/sklearn/svm/_base.py:1206: ConvergenceWarning: Liblinear failed to converge, increase the number of iterations.
  warnings.warn(
/home/est_posgrado_maria.garcia/.conda/envs/proyecto/lib/python3.10/site-packages/sklearn/svm/_base.py:1206: ConvergenceWarning: Liblinear failed to converge, increase the number of iterations.
  warnings.warn(
/home/est_posgrado_maria.garcia/.conda/envs/proyecto/lib/python3.10/site-packages/sklearn/svm/_base.py:1206: ConvergenceWarning: Liblinear failed to converge, increase the number of iterations.
  warnings.warn(
/home/est_posgrado_maria.garcia/.conda/envs/proyecto/lib/python3.10/site-packages/sklearn/svm/_base.py:1206: ConvergenceWarning: Liblinear failed to converge, increase the number of iterations.
  warnings.warn(
/home/est_posgrado_maria.garcia/.conda/envs/proyecto/lib/python3.10/site-packages/sklearn/svm/_base.py:1206: ConvergenceWarning: Liblinear failed to converge, increase the number of iterations.
  warnings.warn(
/home/est_posgrado_maria.garcia/.conda/envs/proyecto/lib/python3.10/site-packages/sklearn/svm/_base.py:1206: ConvergenceWarning: Liblinear failed to converge, increase the number of iterations.
  warnings.warn(
/home/est_posgrado_maria.garcia/.conda/envs/proyecto/lib/python3.10/site-packages/sklearn/svm/_base.py:1206: ConvergenceWarning: Liblinear failed to converge, increase the number of iterations.
  warnings.warn(
/home/est_posgrado_maria.garcia/.conda/envs/proyecto/lib/python3.10/site-packages/sklearn/svm/_base.py:1206: ConvergenceWarning: Liblinear failed to converge, increase the number of iterations.
  warnings.warn(
/home/est_posgrado_maria.garcia/.conda/envs/proyecto/lib/python3.10/site-packages/sklearn/svm/_base.py:1206: ConvergenceWarning: Liblinear failed to converge, increase the number of iterations.
  warnings.warn(
/home/est_posgrado_maria.garcia/.conda/envs/proyecto/lib/python3.10/site-packages/sklearn/svm/_base.py:1206: ConvergenceWarning: Liblinear failed to converge, increase the number of iterations.
  warnings.warn(
/home/est_posgrado_maria.garcia/.conda/envs/proyecto/lib/python3.10/site-packages/sklearn/svm/_base.py:1206: ConvergenceWarning: Liblinear failed to converge, increase the number of iterations.
  warnings.warn(
/home/est_posgrado_maria.garcia/.conda/envs/proyecto/lib/python3.10/site-packages/sklearn/svm/_base.py:1206: ConvergenceWarning: Liblinear failed to converge, increase the number of iterations.
  warnings.warn(
/home/est_posgrado_maria.garcia/.conda/envs/proyecto/lib/python3.10/site-packages/sklearn/svm/_base.py:1206: ConvergenceWarning: Liblinear failed to converge, increase the number of iterations.
  warnings.warn(
/home/est_posgrado_maria.garcia/.conda/envs/proyecto/lib/python3.10/site-packages/sklearn/svm/_base.py:1206: ConvergenceWarning: Liblinear failed to converge, increase the number of iterations.
  warnings.warn(
/home/est_posgrado_maria.garcia/.conda/envs/proyecto/lib/python3.10/site-packages/sklearn/svm/_base.py:1206: ConvergenceWarning: Liblinear failed to converge, increase the number of iterations.
  warnings.warn(
/home/est_posgrado_maria.garcia/.conda/envs/proyecto/lib/python3.10/site-packages/sklearn/svm/_base.py:1206: ConvergenceWarning: Liblinear failed to converge, increase the number of iterations.
  warnings.warn(
/home/est_posgrado_maria.garcia/.conda/envs/proyecto/lib/python3.10/site-packages/sklearn/svm/_base.py:1206: ConvergenceWarning: Liblinear failed to converge, increase the number of iterations.
  warnings.warn(
/home/est_posgrado_maria.garcia/.conda/envs/proyecto/lib/python3.10/site-packages/sklearn/svm/_base.py:1206: ConvergenceWarning: Liblinear failed to converge, increase the number of iterations.
  warnings.warn(
/home/est_posgrado_maria.garcia/.conda/envs/proyecto/lib/python3.10/site-packages/sklearn/svm/_base.py:1206: ConvergenceWarning: Liblinear failed to converge, increase the number of iterations.
  warnings.warn(
/home/est_posgrado_maria.garcia/.conda/envs/proyecto/lib/python3.10/site-packages/sklearn/svm/_base.py:1206: ConvergenceWarning: Liblinear failed to converge, increase the number of iterations.
  warnings.warn(
/home/est_posgrado_maria.garcia/.conda/envs/proyecto/lib/python3.10/site-packages/sklearn/svm/_base.py:1206: ConvergenceWarning: Liblinear failed to converge, increase the number of iterations.
  warnings.warn(
/home/est_posgrado_maria.garcia/.conda/envs/proyecto/lib/python3.10/site-packages/sklearn/svm/_base.py:1206: ConvergenceWarning: Liblinear failed to converge, increase the number of iterations.
  warnings.warn(
/home/est_posgrado_maria.garcia/.conda/envs/proyecto/lib/python3.10/site-packages/sklearn/svm/_base.py:1206: ConvergenceWarning: Liblinear failed to converge, increase the number of iterations.
  warnings.warn(
/home/est_posgrado_maria.garcia/.conda/envs/proyecto/lib/python3.10/site-packages/sklearn/svm/_base.py:1206: ConvergenceWarning: Liblinear failed to converge, increase the number of iterations.
  warnings.warn(
/home/est_posgrado_maria.garcia/.conda/envs/proyecto/lib/python3.10/site-packages/sklearn/svm/_base.py:1206: ConvergenceWarning: Liblinear failed to converge, increase the number of iterations.
  warnings.warn(
/home/est_posgrado_maria.garcia/.conda/envs/proyecto/lib/python3.10/site-packages/sklearn/svm/_base.py:1206: ConvergenceWarning: Liblinear failed to converge, increase the number of iterations.
  warnings.warn(
/home/est_posgrado_maria.garcia/.conda/envs/proyecto/lib/python3.10/site-packages/sklearn/svm/_base.py:1206: ConvergenceWarning: Liblinear failed to converge, increase the number of iterations.
  warnings.warn(
/home/est_posgrado_maria.garcia/.conda/envs/proyecto/lib/python3.10/site-packages/sklearn/svm/_base.py:1206: ConvergenceWarning: Liblinear failed to converge, increase the number of iterations.
  warnings.warn(
/home/est_posgrado_maria.garcia/.conda/envs/proyecto/lib/python3.10/site-packages/sklearn/svm/_base.py:1206: ConvergenceWarning: Liblinear failed to converge, increase the number of iterations.
  warnings.warn(
/home/est_posgrado_maria.garcia/.conda/envs/proyecto/lib/python3.10/site-packages/sklearn/svm/_base.py:1206: ConvergenceWarning: Liblinear failed to converge, increase the number of iterations.
  warnings.warn(
/home/est_posgrado_maria.garcia/.conda/envs/proyecto/lib/python3.10/site-packages/sklearn/svm/_base.py:1206: ConvergenceWarning: Liblinear failed to converge, increase the number of iterations.
  warnings.warn(
/home/est_posgrado_maria.garcia/.conda/envs/proyecto/lib/python3.10/site-packages/sklearn/svm/_base.py:1206: ConvergenceWarning: Liblinear failed to converge, increase the number of iterations.
  warnings.warn(
/home/est_posgrado_maria.garcia/.conda/envs/proyecto/lib/python3.10/site-packages/sklearn/svm/_base.py:1206: ConvergenceWarning: Liblinear failed to converge, increase the number of iterations.
  warnings.warn(
/home/est_posgrado_maria.garcia/.conda/envs/proyecto/lib/python3.10/site-packages/sklearn/svm/_base.py:1206: ConvergenceWarning: Liblinear failed to converge, increase the number of iterations.
  warnings.warn(
/home/est_posgrado_maria.garcia/.conda/envs/proyecto/lib/python3.10/site-packages/sklearn/svm/_base.py:1206: ConvergenceWarning: Liblinear failed to converge, increase the number of iterations.
  warnings.warn(
/home/est_posgrado_maria.garcia/.conda/envs/proyecto/lib/python3.10/site-packages/sklearn/svm/_base.py:1206: ConvergenceWarning: Liblinear failed to converge, increase the number of iterations.
  warnings.warn(
/home/est_posgrado_maria.garcia/.conda/envs/proyecto/lib/python3.10/site-packages/sklearn/svm/_base.py:1206: ConvergenceWarning: Liblinear failed to converge, increase the number of iterations.
  warnings.warn(
/home/est_posgrado_maria.garcia/.conda/envs/proyecto/lib/python3.10/site-packages/sklearn/svm/_base.py:1206: ConvergenceWarning: Liblinear failed to converge, increase the number of iterations.
  warnings.warn(
/home/est_posgrado_maria.garcia/.conda/envs/proyecto/lib/python3.10/site-packages/sklearn/svm/_base.py:1206: ConvergenceWarning: Liblinear failed to converge, increase the number of iterations.
  warnings.warn(
/home/est_posgrado_maria.garcia/.conda/envs/proyecto/lib/python3.10/site-packages/sklearn/svm/_base.py:1206: ConvergenceWarning: Liblinear failed to converge, increase the number of iterations.
  warnings.warn(
/home/est_posgrado_maria.garcia/.conda/envs/proyecto/lib/python3.10/site-packages/sklearn/svm/_base.py:1206: ConvergenceWarning: Liblinear failed to converge, increase the number of iterations.
  warnings.warn(
/home/est_posgrado_maria.garcia/.conda/envs/proyecto/lib/python3.10/site-packages/sklearn/svm/_base.py:1206: ConvergenceWarning: Liblinear failed to converge, increase the number of iterations.
  warnings.warn(
/home/est_posgrado_maria.garcia/.conda/envs/proyecto/lib/python3.10/site-packages/sklearn/svm/_base.py:1206: ConvergenceWarning: Liblinear failed to converge, increase the number of iterations.
  warnings.warn(
/home/est_posgrado_maria.garcia/.conda/envs/proyecto/lib/python3.10/site-packages/sklearn/svm/_base.py:1206: ConvergenceWarning: Liblinear failed to converge, increase the number of iterations.
  warnings.warn(
/home/est_posgrado_maria.garcia/.conda/envs/proyecto/lib/python3.10/site-packages/sklearn/svm/_base.py:1206: ConvergenceWarning: Liblinear failed to converge, increase the number of iterations.
  warnings.warn(
/home/est_posgrado_maria.garcia/.conda/envs/proyecto/lib/python3.10/site-packages/sklearn/svm/_base.py:1206: ConvergenceWarning: Liblinear failed to converge, increase the number of iterations.
  warnings.warn(
/home/est_posgrado_maria.garcia/.conda/envs/proyecto/lib/python3.10/site-packages/sklearn/svm/_base.py:1206: ConvergenceWarning: Liblinear failed to converge, increase the number of iterations.
  warnings.warn(
/home/est_posgrado_maria.garcia/.conda/envs/proyecto/lib/python3.10/site-packages/sklearn/svm/_base.py:1206: ConvergenceWarning: Liblinear failed to converge, increase the number of iterations.
  warnings.warn(
/home/est_posgrado_maria.garcia/.conda/envs/proyecto/lib/python3.10/site-packages/sklearn/svm/_base.py:1206: ConvergenceWarning: Liblinear failed to converge, increase the number of iterations.
  warnings.warn(
/home/est_posgrado_maria.garcia/.conda/envs/proyecto/lib/python3.10/site-packages/sklearn/svm/_base.py:1206: ConvergenceWarning: Liblinear failed to converge, increase the number of iterations.
  warnings.warn(
/home/est_posgrado_maria.garcia/.conda/envs/proyecto/lib/python3.10/site-packages/sklearn/svm/_base.py:1206: ConvergenceWarning: Liblinear failed to converge, increase the number of iterations.
  warnings.warn(
/home/est_posgrado_maria.garcia/.conda/envs/proyecto/lib/python3.10/site-packages/sklearn/svm/_base.py:1206: ConvergenceWarning: Liblinear failed to converge, increase the number of iterations.
  warnings.warn(
/home/est_posgrado_maria.garcia/.conda/envs/proyecto/lib/python3.10/site-packages/sklearn/svm/_base.py:1206: ConvergenceWarning: Liblinear failed to converge, increase the number of iterations.
  warnings.warn(
/home/est_posgrado_maria.garcia/.conda/envs/proyecto/lib/python3.10/site-packages/sklearn/svm/_base.py:1206: ConvergenceWarning: Liblinear failed to converge, increase the number of iterations.
  warnings.warn(
/home/est_posgrado_maria.garcia/.conda/envs/proyecto/lib/python3.10/site-packages/sklearn/svm/_base.py:1206: ConvergenceWarning: Liblinear failed to converge, increase the number of iterations.
  warnings.warn(
/home/est_posgrado_maria.garcia/.conda/envs/proyecto/lib/python3.10/site-packages/sklearn/svm/_base.py:1206: ConvergenceWarning: Liblinear failed to converge, increase the number of iterations.
  warnings.warn(
/home/est_posgrado_maria.garcia/.conda/envs/proyecto/lib/python3.10/site-packages/sklearn/svm/_base.py:1206: ConvergenceWarning: Liblinear failed to converge, increase the number of iterations.
  warnings.warn(
/home/est_posgrado_maria.garcia/.conda/envs/proyecto/lib/python3.10/site-packages/sklearn/svm/_base.py:1206: ConvergenceWarning: Liblinear failed to converge, increase the number of iterations.
  warnings.warn(
/home/est_posgrado_maria.garcia/.conda/envs/proyecto/lib/python3.10/site-packages/sklearn/svm/_base.py:1206: ConvergenceWarning: Liblinear failed to converge, increase the number of iterations.
  warnings.warn(
/home/est_posgrado_maria.garcia/.conda/envs/proyecto/lib/python3.10/site-packages/sklearn/svm/_base.py:1206: ConvergenceWarning: Liblinear failed to converge, increase the number of iterations.
  warnings.warn(
/home/est_posgrado_maria.garcia/.conda/envs/proyecto/lib/python3.10/site-packages/sklearn/svm/_base.py:1206: ConvergenceWarning: Liblinear failed to converge, increase the number of iterations.
  warnings.warn(
/home/est_posgrado_maria.garcia/.conda/envs/proyecto/lib/python3.10/site-packages/sklearn/svm/_base.py:1206: ConvergenceWarning: Liblinear failed to converge, increase the number of iterations.
  warnings.warn(
/home/est_posgrado_maria.garcia/.conda/envs/proyecto/lib/python3.10/site-packages/sklearn/svm/_base.py:1206: ConvergenceWarning: Liblinear failed to converge, increase the number of iterations.
  warnings.warn(
/home/est_posgrado_maria.garcia/.conda/envs/proyecto/lib/python3.10/site-packages/sklearn/svm/_base.py:1206: ConvergenceWarning: Liblinear failed to converge, increase the number of iterations.
  warnings.warn(
/home/est_posgrado_maria.garcia/.conda/envs/proyecto/lib/python3.10/site-packages/sklearn/svm/_base.py:1206: ConvergenceWarning: Liblinear failed to converge, increase the number of iterations.
  warnings.warn(
/home/est_posgrado_maria.garcia/.conda/envs/proyecto/lib/python3.10/site-packages/sklearn/svm/_base.py:1206: ConvergenceWarning: Liblinear failed to converge, increase the number of iterations.
  warnings.warn(
/home/est_posgrado_maria.garcia/.conda/envs/proyecto/lib/python3.10/site-packages/sklearn/svm/_base.py:1206: ConvergenceWarning: Liblinear failed to converge, increase the number of iterations.
  warnings.warn(
/home/est_posgrado_maria.garcia/.conda/envs/proyecto/lib/python3.10/site-packages/sklearn/svm/_base.py:1206: ConvergenceWarning: Liblinear failed to converge, increase the number of iterations.
  warnings.warn(
/home/est_posgrado_maria.garcia/.conda/envs/proyecto/lib/python3.10/site-packages/sklearn/svm/_base.py:1206: ConvergenceWarning: Liblinear failed to converge, increase the number of iterations.
  warnings.warn(
/home/est_posgrado_maria.garcia/.conda/envs/proyecto/lib/python3.10/site-packages/sklearn/svm/_base.py:1206: ConvergenceWarning: Liblinear failed to converge, increase the number of iterations.
  warnings.warn(
/home/est_posgrado_maria.garcia/.conda/envs/proyecto/lib/python3.10/site-packages/sklearn/svm/_base.py:1206: ConvergenceWarning: Liblinear failed to converge, increase the number of iterations.
  warnings.warn(
/home/est_posgrado_maria.garcia/.conda/envs/proyecto/lib/python3.10/site-packages/sklearn/svm/_base.py:1206: ConvergenceWarning: Liblinear failed to converge, increase the number of iterations.
  warnings.warn(
/home/est_posgrado_maria.garcia/.conda/envs/proyecto/lib/python3.10/site-packages/sklearn/svm/_base.py:1206: ConvergenceWarning: Liblinear failed to converge, increase the number of iterations.
  warnings.warn(
/home/est_posgrado_maria.garcia/.conda/envs/proyecto/lib/python3.10/site-packages/sklearn/svm/_base.py:1206: ConvergenceWarning: Liblinear failed to converge, increase the number of iterations.
  warnings.warn(
/home/est_posgrado_maria.garcia/.conda/envs/proyecto/lib/python3.10/site-packages/sklearn/svm/_base.py:1206: ConvergenceWarning: Liblinear failed to converge, increase the number of iterations.
  warnings.warn(
/home/est_posgrado_maria.garcia/.conda/envs/proyecto/lib/python3.10/site-packages/sklearn/svm/_base.py:1206: ConvergenceWarning: Liblinear failed to converge, increase the number of iterations.
  warnings.warn(
/home/est_posgrado_maria.garcia/.conda/envs/proyecto/lib/python3.10/site-packages/sklearn/svm/_base.py:1206: ConvergenceWarning: Liblinear failed to converge, increase the number of iterations.
  warnings.warn(
/home/est_posgrado_maria.garcia/.conda/envs/proyecto/lib/python3.10/site-packages/sklearn/svm/_base.py:1206: ConvergenceWarning: Liblinear failed to converge, increase the number of iterations.
  warnings.warn(
/home/est_posgrado_maria.garcia/.conda/envs/proyecto/lib/python3.10/site-packages/sklearn/svm/_base.py:1206: ConvergenceWarning: Liblinear failed to converge, increase the number of iterations.
  warnings.warn(
/home/est_posgrado_maria.garcia/.conda/envs/proyecto/lib/python3.10/site-packages/sklearn/svm/_base.py:1206: ConvergenceWarning: Liblinear failed to converge, increase the number of iterations.
  warnings.warn(
/home/est_posgrado_maria.garcia/.conda/envs/proyecto/lib/python3.10/site-packages/sklearn/svm/_base.py:1206: ConvergenceWarning: Liblinear failed to converge, increase the number of iterations.
  warnings.warn(
/home/est_posgrado_maria.garcia/.conda/envs/proyecto/lib/python3.10/site-packages/sklearn/svm/_base.py:1206: ConvergenceWarning: Liblinear failed to converge, increase the number of iterations.
  warnings.warn(
/home/est_posgrado_maria.garcia/.conda/envs/proyecto/lib/python3.10/site-packages/sklearn/svm/_base.py:1206: ConvergenceWarning: Liblinear failed to converge, increase the number of iterations.
  warnings.warn(
/home/est_posgrado_maria.garcia/.conda/envs/proyecto/lib/python3.10/site-packages/sklearn/svm/_base.py:1206: ConvergenceWarning: Liblinear failed to converge, increase the number of iterations.
  warnings.warn(
/home/est_posgrado_maria.garcia/.conda/envs/proyecto/lib/python3.10/site-packages/sklearn/svm/_base.py:1206: ConvergenceWarning: Liblinear failed to converge, increase the number of iterations.
  warnings.warn(
/home/est_posgrado_maria.garcia/.conda/envs/proyecto/lib/python3.10/site-packages/sklearn/svm/_base.py:1206: ConvergenceWarning: Liblinear failed to converge, increase the number of iterations.
  warnings.warn(
/home/est_posgrado_maria.garcia/.conda/envs/proyecto/lib/python3.10/site-packages/sklearn/svm/_base.py:1206: ConvergenceWarning: Liblinear failed to converge, increase the number of iterations.
  warnings.warn(
/home/est_posgrado_maria.garcia/.conda/envs/proyecto/lib/python3.10/site-packages/sklearn/svm/_base.py:1206: ConvergenceWarning: Liblinear failed to converge, increase the number of iterations.
  warnings.warn(
/home/est_posgrado_maria.garcia/.conda/envs/proyecto/lib/python3.10/site-packages/sklearn/svm/_base.py:1206: ConvergenceWarning: Liblinear failed to converge, increase the number of iterations.
  warnings.warn(
/home/est_posgrado_maria.garcia/.conda/envs/proyecto/lib/python3.10/site-packages/sklearn/svm/_base.py:1206: ConvergenceWarning: Liblinear failed to converge, increase the number of iterations.
  warnings.warn(
/home/est_posgrado_maria.garcia/.conda/envs/proyecto/lib/python3.10/site-packages/sklearn/svm/_base.py:1206: ConvergenceWarning: Liblinear failed to converge, increase the number of iterations.
  warnings.warn(
/home/est_posgrado_maria.garcia/.conda/envs/proyecto/lib/python3.10/site-packages/sklearn/svm/_base.py:1206: ConvergenceWarning: Liblinear failed to converge, increase the number of iterations.
  warnings.warn(
/home/est_posgrado_maria.garcia/.conda/envs/proyecto/lib/python3.10/site-packages/sklearn/svm/_base.py:1206: ConvergenceWarning: Liblinear failed to converge, increase the number of iterations.
  warnings.warn(
/home/est_posgrado_maria.garcia/.conda/envs/proyecto/lib/python3.10/site-packages/sklearn/svm/_base.py:1206: ConvergenceWarning: Liblinear failed to converge, increase the number of iterations.
  warnings.warn(
/home/est_posgrado_maria.garcia/.conda/envs/proyecto/lib/python3.10/site-packages/sklearn/svm/_base.py:1206: ConvergenceWarning: Liblinear failed to converge, increase the number of iterations.
  warnings.warn(
/home/est_posgrado_maria.garcia/.conda/envs/proyecto/lib/python3.10/site-packages/sklearn/svm/_base.py:1206: ConvergenceWarning: Liblinear failed to converge, increase the number of iterations.
  warnings.warn(
/home/est_posgrado_maria.garcia/.conda/envs/proyecto/lib/python3.10/site-packages/sklearn/svm/_base.py:1206: ConvergenceWarning: Liblinear failed to converge, increase the number of iterations.
  warnings.warn(
/home/est_posgrado_maria.garcia/.conda/envs/proyecto/lib/python3.10/site-packages/sklearn/svm/_base.py:1206: ConvergenceWarning: Liblinear failed to converge, increase the number of iterations.
  warnings.warn(
/home/est_posgrado_maria.garcia/.conda/envs/proyecto/lib/python3.10/site-packages/sklearn/svm/_base.py:1206: ConvergenceWarning: Liblinear failed to converge, increase the number of iterations.
  warnings.warn(
/home/est_posgrado_maria.garcia/.conda/envs/proyecto/lib/python3.10/site-packages/sklearn/svm/_base.py:1206: ConvergenceWarning: Liblinear failed to converge, increase the number of iterations.
  warnings.warn(
/home/est_posgrado_maria.garcia/.conda/envs/proyecto/lib/python3.10/site-packages/sklearn/svm/_base.py:1206: ConvergenceWarning: Liblinear failed to converge, increase the number of iterations.
  warnings.warn(
/home/est_posgrado_maria.garcia/.conda/envs/proyecto/lib/python3.10/site-packages/sklearn/svm/_base.py:1206: ConvergenceWarning: Liblinear failed to converge, increase the number of iterations.
  warnings.warn(
/home/est_posgrado_maria.garcia/.conda/envs/proyecto/lib/python3.10/site-packages/sklearn/svm/_base.py:1206: ConvergenceWarning: Liblinear failed to converge, increase the number of iterations.
  warnings.warn(
/home/est_posgrado_maria.garcia/.conda/envs/proyecto/lib/python3.10/site-packages/sklearn/svm/_base.py:1206: ConvergenceWarning: Liblinear failed to converge, increase the number of iterations.
  warnings.warn(
/home/est_posgrado_maria.garcia/.conda/envs/proyecto/lib/python3.10/site-packages/sklearn/svm/_base.py:1206: ConvergenceWarning: Liblinear failed to converge, increase the number of iterations.
  warnings.warn(
/home/est_posgrado_maria.garcia/.conda/envs/proyecto/lib/python3.10/site-packages/sklearn/svm/_base.py:1206: ConvergenceWarning: Liblinear failed to converge, increase the number of iterations.
  warnings.warn(
/home/est_posgrado_maria.garcia/.conda/envs/proyecto/lib/python3.10/site-packages/sklearn/svm/_base.py:1206: ConvergenceWarning: Liblinear failed to converge, increase the number of iterations.
  warnings.warn(
/home/est_posgrado_maria.garcia/.conda/envs/proyecto/lib/python3.10/site-packages/sklearn/svm/_base.py:1206: ConvergenceWarning: Liblinear failed to converge, increase the number of iterations.
  warnings.warn(
/home/est_posgrado_maria.garcia/.conda/envs/proyecto/lib/python3.10/site-packages/sklearn/svm/_base.py:1206: ConvergenceWarning: Liblinear failed to converge, increase the number of iterations.
  warnings.warn(
done in 93.286980s
Experiment: 82
Quitando stopwords
Terminado
Vectorization for train data: Done
Vectorization for test data: Done
done in 222.480076s
Experiment: 83
Quitando stopwords
Terminado
Vectorization for train data: Done
Vectorization for test data: Done
done in 158.021938s
Experiment: 84
Quitando stopwords
Terminado
Vectorization for train data: Done
Vectorization for test data: Done
done in 165.862198s
Experiment: 85
Quitando stopwords
Terminado
Vectorization for train data: Done
Vectorization for test data: Done
done in 88.592108s
Experiment: 86
Quitando stopwords
Terminado
Vectorization for train data: Done
Vectorization for test data: Done
done in 216.629719s
Experiment: 87
Quitando stopwords
Terminado
Vectorization for train data: Done
Vectorization for test data: Done
done in 153.140287s
Experiment: 88
Quitando stopwords
Terminado
Vectorization for train data: Done
Vectorization for test data: Done
done in 161.038607s
Experiment: 89
Vectorization for train data: Done
Vectorization for test data: Done
done in 118.038193s
Experiment: 90
Vectorization for train data: Done
Vectorization for test data: Done
done in 249.725173s
Experiment: 91
Vectorization for train data: Done
Vectorization for test data: Done
done in 185.013314s
Experiment: 92
Vectorization for train data: Done
Vectorization for test data: Done
done in 194.883091s
Experiment: 93
Vectorization for train data: Done
Vectorization for test data: Done
done in 116.579616s
Experiment: 94
Vectorization for train data: Done
Vectorization for test data: Done
done in 246.052181s
Experiment: 95
Vectorization for train data: Done
Vectorization for test data: Done
done in 181.081748s
Experiment: 96
Vectorization for train data: Done
Vectorization for test data: Done
done in 187.787321s
End experiments
16 16 16 16 16 16
Sat 13 Aug 2022 05:41:17 PM CDT
