c-1-35
Mon 15 Aug 2022 10:40:26 PM CDT
Warning : `load_model` does not return WordVectorModel or SupervisedModel any more, but a `FastText` object which is very similar.
Load_anxia
Load_dep
Load pretrained
Begins experiments
/home/est_posgrado_maria.garcia/.conda/envs/proyecto/lib/python3.10/site-packages/joblib/parallel.py:735: UserWarning: Loky-backed parallel loops cannot be called in a multiprocessing, setting n_jobs=1
  n_jobs = self._backend.configure(n_jobs=self.n_jobs, parallel=self,
/home/est_posgrado_maria.garcia/.conda/envs/proyecto/lib/python3.10/site-packages/joblib/parallel.py:735: UserWarning: Loky-backed parallel loops cannot be called in a multiprocessing, setting n_jobs=1
  n_jobs = self._backend.configure(n_jobs=self.n_jobs, parallel=self,
/home/est_posgrado_maria.garcia/.conda/envs/proyecto/lib/python3.10/site-packages/joblib/parallel.py:735: UserWarning: Loky-backed parallel loops cannot be called in a multiprocessing, setting n_jobs=1
  n_jobs = self._backend.configure(n_jobs=self.n_jobs, parallel=self,
/home/est_posgrado_maria.garcia/.conda/envs/proyecto/lib/python3.10/site-packages/joblib/parallel.py:735: UserWarning: Loky-backed parallel loops cannot be called in a multiprocessing, setting n_jobs=1
  n_jobs = self._backend.configure(n_jobs=self.n_jobs, parallel=self,
/home/est_posgrado_maria.garcia/.conda/envs/proyecto/lib/python3.10/site-packages/joblib/parallel.py:735: UserWarning: Loky-backed parallel loops cannot be called in a multiprocessing, setting n_jobs=1
  n_jobs = self._backend.configure(n_jobs=self.n_jobs, parallel=self,
/home/est_posgrado_maria.garcia/.conda/envs/proyecto/lib/python3.10/site-packages/joblib/parallel.py:735: UserWarning: Loky-backed parallel loops cannot be called in a multiprocessing, setting n_jobs=1
  n_jobs = self._backend.configure(n_jobs=self.n_jobs, parallel=self,
/home/est_posgrado_maria.garcia/.conda/envs/proyecto/lib/python3.10/site-packages/joblib/parallel.py:735: UserWarning: Loky-backed parallel loops cannot be called in a multiprocessing, setting n_jobs=1
  n_jobs = self._backend.configure(n_jobs=self.n_jobs, parallel=self,
/home/est_posgrado_maria.garcia/.conda/envs/proyecto/lib/python3.10/site-packages/joblib/parallel.py:735: UserWarning: Loky-backed parallel loops cannot be called in a multiprocessing, setting n_jobs=1
  n_jobs = self._backend.configure(n_jobs=self.n_jobs, parallel=self,
/home/est_posgrado_maria.garcia/.conda/envs/proyecto/lib/python3.10/site-packages/joblib/parallel.py:735: UserWarning: Loky-backed parallel loops cannot be called in a multiprocessing, setting n_jobs=1
  n_jobs = self._backend.configure(n_jobs=self.n_jobs, parallel=self,
/home/est_posgrado_maria.garcia/.conda/envs/proyecto/lib/python3.10/site-packages/joblib/parallel.py:735: UserWarning: Loky-backed parallel loops cannot be called in a multiprocessing, setting n_jobs=1
  n_jobs = self._backend.configure(n_jobs=self.n_jobs, parallel=self,
/home/est_posgrado_maria.garcia/.conda/envs/proyecto/lib/python3.10/site-packages/joblib/parallel.py:735: UserWarning: Loky-backed parallel loops cannot be called in a multiprocessing, setting n_jobs=1
  n_jobs = self._backend.configure(n_jobs=self.n_jobs, parallel=self,
/home/est_posgrado_maria.garcia/.conda/envs/proyecto/lib/python3.10/site-packages/joblib/parallel.py:735: UserWarning: Loky-backed parallel loops cannot be called in a multiprocessing, setting n_jobs=1
  n_jobs = self._backend.configure(n_jobs=self.n_jobs, parallel=self,
/home/est_posgrado_maria.garcia/.conda/envs/proyecto/lib/python3.10/site-packages/joblib/parallel.py:735: UserWarning: Loky-backed parallel loops cannot be called in a multiprocessing, setting n_jobs=1
  n_jobs = self._backend.configure(n_jobs=self.n_jobs, parallel=self,
/home/est_posgrado_maria.garcia/.conda/envs/proyecto/lib/python3.10/site-packages/joblib/parallel.py:735: UserWarning: Loky-backed parallel loops cannot be called in a multiprocessing, setting n_jobs=1
  n_jobs = self._backend.configure(n_jobs=self.n_jobs, parallel=self,
/home/est_posgrado_maria.garcia/.conda/envs/proyecto/lib/python3.10/site-packages/joblib/parallel.py:735: UserWarning: Loky-backed parallel loops cannot be called in a multiprocessing, setting n_jobs=1
  n_jobs = self._backend.configure(n_jobs=self.n_jobs, parallel=self,
/home/est_posgrado_maria.garcia/.conda/envs/proyecto/lib/python3.10/site-packages/joblib/parallel.py:735: UserWarning: Loky-backed parallel loops cannot be called in a multiprocessing, setting n_jobs=1
  n_jobs = self._backend.configure(n_jobs=self.n_jobs, parallel=self,
/home/est_posgrado_maria.garcia/.conda/envs/proyecto/lib/python3.10/site-packages/joblib/parallel.py:735: UserWarning: Loky-backed parallel loops cannot be called in a multiprocessing, setting n_jobs=1
  n_jobs = self._backend.configure(n_jobs=self.n_jobs, parallel=self,
/home/est_posgrado_maria.garcia/.conda/envs/proyecto/lib/python3.10/site-packages/joblib/parallel.py:735: UserWarning: Loky-backed parallel loops cannot be called in a multiprocessing, setting n_jobs=1
  n_jobs = self._backend.configure(n_jobs=self.n_jobs, parallel=self,
/home/est_posgrado_maria.garcia/.conda/envs/proyecto/lib/python3.10/site-packages/joblib/parallel.py:735: UserWarning: Loky-backed parallel loops cannot be called in a multiprocessing, setting n_jobs=1
  n_jobs = self._backend.configure(n_jobs=self.n_jobs, parallel=self,
/home/est_posgrado_maria.garcia/.conda/envs/proyecto/lib/python3.10/site-packages/joblib/parallel.py:735: UserWarning: Loky-backed parallel loops cannot be called in a multiprocessing, setting n_jobs=1
  n_jobs = self._backend.configure(n_jobs=self.n_jobs, parallel=self,
26
(1707, 3438) (1399, 3438)
done in 8961.582506s
35
quitando stopwords
(1707, 5031) (1399, 5031)
done in 9043.977949s
32
quitando stopwords
(1707, 3438) (1399, 3438)
done in 6797.495483s
24
(1707, 5012) (1399, 5012)
done in 11448.226001s
23
(1707, 5031) (1399, 5031)
done in 11472.909838s
30
(1707, 5012) (1399, 5012)
done in 11561.182089s
33
quitando stopwords
(1707, 8008) (1399, 8008)
done in 13840.542362s
31
quitando stopwords
(1707, 8000) (1399, 8000)
done in 13851.503775s
34
quitando stopwords
(1707, 8008) (1399, 8008)
done in 13856.256754s
27
(1707, 8014) (1399, 8014)
done in 15675.092085s
21
(1707, 8008) (1399, 8008)
done in 15428.109886s
25
(1707, 8000) (1399, 8000)
done in 15707.036635s
29
(1707, 8014) (1399, 8014)
done in 15713.432842s
37
quitando stopwords
(1707, 9745) (1399, 9745)
done in 15831.032154s
22
(1707, 8008) (1399, 8008)
done in 15758.377539s
36
quitando stopwords
(1707, 9745) (1399, 9745)
done in 15916.014556s
40
quitando stopwords
(1707, 9745) (1399, 9745)
done in 15971.176357s
38
quitando stopwords
(1707, 9745) (1399, 9745)
done in 15893.317520s
28
(1707, 9745) (1399, 9745)
done in 16770.032868s
39
quitando stopwords
(1707, 9745) (1399, 9745)
done in 16041.960068s
[(0.14647887323943662, {'C': 0.25}), (0.14647887323943662, {'C': 0.25}), (0.19863945578231296, {'C': 0.25}), (0.14466130884041334, {'C': 0.25}), (0.14044444444444446, {'C': 1}), (0.15869786368260427, {'C': 0.5}), (0.15009041591320071, {'C': 4}), (0.42105263157894746, {'C': 0.12}), (0.15009041591320071, {'C': 4}), (0.14466130884041334, {'C': 0.25}), (0.1452513966480447, {'C': 0.25}), (0.1588594704684318, {'C': 0.5}), (0.14634146341463414, {'C': 0.25}), (0.14634146341463414, {'C': 0.25}), (0.19863945578231296, {'C': 0.25}), (0.402555910543131, {'C': 4}), (0.402555910543131, {'C': 4}), (0.402555910543131, {'C': 4}), (0.402555910543131, {'C': 4}), (0.402555910543131, {'C': 4})]
End experiments
End experiments
Tue 16 Aug 2022 03:23:57 AM CDT
