c-1-36
Sun 21 Aug 2022 05:03:01 PM CDT
Warning : `load_model` does not return WordVectorModel or SupervisedModel any more, but a `FastText` object which is very similar.
Load_anxia
Load_dep
Load pretrained
Begins experiments
55
quitando stopwords
(1707, 1736) (1399, 1736)
done in 7662.575579s
59
quitando stopwords
(1707, 123) (1399, 123)
done in 6555.846492s
51
quitando stopwords
(1707, 3902) (1399, 3902)
done in 8056.972750s
53
quitando stopwords
(1707, 2926) (1399, 2926)
done in 7883.250463s
54
quitando stopwords
(1707, 4721) (1399, 4721)
done in 8339.328568s
60
quitando stopwords
(1707, 948) (1399, 948)
done in 8386.898534s
50
(1707, 1551) (1399, 1551)
done in 9221.218192s
52
quitando stopwords
(1707, 1008) (1399, 1008)
done in 8562.625504s
48
(1707, 1865) (1399, 1865)
done in 9525.806686s
47
(1707, 3879) (1399, 3879)
done in 9770.424619s
57
quitando stopwords
(1707, 16000) (1399, 16000)
done in 10876.634656s
44
(1707, 5756) (1399, 5756)
done in 10161.654486s
49
(1707, 4850) (1399, 4850)
done in 9957.981942s
43
(1707, 6538) (1399, 6538)
done in 10395.862189s
45
(1707, 8747) (1399, 8747)
done in 10597.570443s
41
(1707, 9529) (1399, 9529)
done in 10789.344624s
42
(1707, 9529) (1399, 9529)
done in 10805.179172s
58
quitando stopwords
(1707, 16000) (1399, 16000)
done in 10854.008063s
56
quitando stopwords
(1707, 16000) (1399, 16000)
done in 10874.028616s
[(0.5286343612334802, {'C': 2}, 1529, 8000), (0.5286343612334802, {'C': 2}, 1529, 8000), (0.5344827586206897, {'C': 0.12}, 1529, 5009), (0.5236051502145923, {'C': 1}, 747, 5009), (0.5565217391304348, {'C': 0.25}, 747, 8000), (0.5042735042735041, {'C': 0.05}, 747, 3432), (0.5022026431718062, {'C': 0.25}, 447, 3432), (0.41818181818181815, {'C': 0.12}, 447, 1418), (0.5, {'C': 1}, 447, 4403), (0.4273504273504274, {'C': 0.05}, 133, 1418), (0.4609053497942387, {'C': 2}, 133, 3769), (0.3511450381679389, {'C': 2}, 133, 875), (0.5087719298245614, {'C': 0.05}, 318, 2608), (0.5210084033613446, {'C': 0.05}, 318, 4403), (0.4206008583690988, {'C': 0.05}, 318, 1418), (0.5511111111111112, {'C': 0.5}, 8000, 8000), (0.5511111111111112, {'C': 0.5}, 8000, 8000), (0.5511111111111112, {'C': 0.5}, 8000, 8000), (0.23984526112185686, {'C': 0.25}, 18, 105), (0.3795620437956204, {'C': 0.05}, 73, 875)]
End experiments
End experiments
Sun 21 Aug 2022 08:08:45 PM CDT
