c-1-12
Wed 20 Jul 2022 01:25:05 PM CDT
Warning : `load_model` does not return WordVectorModel or SupervisedModel any more, but a `FastText` object which is very similar.
Load_anxia
Load_dep
Load pretrained
Load emo
text extracted for all users
text extracted for all users
text extracted for all users
text extracted for all users
text extracted for all users
text extracted for all users
text extracted for all users
text extracted for all users
text extracted for all users
text extracted for all users
Begins experiments
Quitando stopwords
Terminado
Vectorization for train data: Done
Vectorization for test data: Done
/home/est_posgrado_maria.garcia/.conda/envs/proyecto/lib/python3.10/site-packages/sklearn/svm/_base.py:1206: ConvergenceWarning: Liblinear failed to converge, increase the number of iterations.
  warnings.warn(
/home/est_posgrado_maria.garcia/.conda/envs/proyecto/lib/python3.10/site-packages/sklearn/svm/_base.py:1206: ConvergenceWarning: Liblinear failed to converge, increase the number of iterations.
  warnings.warn(
/home/est_posgrado_maria.garcia/.conda/envs/proyecto/lib/python3.10/site-packages/sklearn/svm/_base.py:1206: ConvergenceWarning: Liblinear failed to converge, increase the number of iterations.
  warnings.warn(
/home/est_posgrado_maria.garcia/.conda/envs/proyecto/lib/python3.10/site-packages/sklearn/svm/_base.py:1206: ConvergenceWarning: Liblinear failed to converge, increase the number of iterations.
  warnings.warn(
/home/est_posgrado_maria.garcia/.conda/envs/proyecto/lib/python3.10/site-packages/sklearn/svm/_base.py:1206: ConvergenceWarning: Liblinear failed to converge, increase the number of iterations.
  warnings.warn(
/home/est_posgrado_maria.garcia/.conda/envs/proyecto/lib/python3.10/site-packages/sklearn/svm/_base.py:1206: ConvergenceWarning: Liblinear failed to converge, increase the number of iterations.
  warnings.warn(
/home/est_posgrado_maria.garcia/.conda/envs/proyecto/lib/python3.10/site-packages/sklearn/svm/_base.py:1206: ConvergenceWarning: Liblinear failed to converge, increase the number of iterations.
  warnings.warn(
/home/est_posgrado_maria.garcia/.conda/envs/proyecto/lib/python3.10/site-packages/sklearn/svm/_base.py:1206: ConvergenceWarning: Liblinear failed to converge, increase the number of iterations.
  warnings.warn(
/home/est_posgrado_maria.garcia/.conda/envs/proyecto/lib/python3.10/site-packages/sklearn/svm/_base.py:1206: ConvergenceWarning: Liblinear failed to converge, increase the number of iterations.
  warnings.warn(
/home/est_posgrado_maria.garcia/.conda/envs/proyecto/lib/python3.10/site-packages/sklearn/svm/_base.py:1206: ConvergenceWarning: Liblinear failed to converge, increase the number of iterations.
  warnings.warn(
/home/est_posgrado_maria.garcia/.conda/envs/proyecto/lib/python3.10/site-packages/sklearn/svm/_base.py:1206: ConvergenceWarning: Liblinear failed to converge, increase the number of iterations.
  warnings.warn(
/home/est_posgrado_maria.garcia/.conda/envs/proyecto/lib/python3.10/site-packages/sklearn/svm/_base.py:1206: ConvergenceWarning: Liblinear failed to converge, increase the number of iterations.
  warnings.warn(
/home/est_posgrado_maria.garcia/.conda/envs/proyecto/lib/python3.10/site-packages/sklearn/svm/_base.py:1206: ConvergenceWarning: Liblinear failed to converge, increase the number of iterations.
  warnings.warn(
/home/est_posgrado_maria.garcia/.conda/envs/proyecto/lib/python3.10/site-packages/sklearn/svm/_base.py:1206: ConvergenceWarning: Liblinear failed to converge, increase the number of iterations.
  warnings.warn(
/home/est_posgrado_maria.garcia/.conda/envs/proyecto/lib/python3.10/site-packages/sklearn/svm/_base.py:1206: ConvergenceWarning: Liblinear failed to converge, increase the number of iterations.
  warnings.warn(
/home/est_posgrado_maria.garcia/.conda/envs/proyecto/lib/python3.10/site-packages/sklearn/svm/_base.py:1206: ConvergenceWarning: Liblinear failed to converge, increase the number of iterations.
  warnings.warn(
/home/est_posgrado_maria.garcia/.conda/envs/proyecto/lib/python3.10/site-packages/sklearn/svm/_base.py:1206: ConvergenceWarning: Liblinear failed to converge, increase the number of iterations.
  warnings.warn(
/home/est_posgrado_maria.garcia/.conda/envs/proyecto/lib/python3.10/site-packages/sklearn/svm/_base.py:1206: ConvergenceWarning: Liblinear failed to converge, increase the number of iterations.
  warnings.warn(
/home/est_posgrado_maria.garcia/.conda/envs/proyecto/lib/python3.10/site-packages/sklearn/svm/_base.py:1206: ConvergenceWarning: Liblinear failed to converge, increase the number of iterations.
  warnings.warn(
/home/est_posgrado_maria.garcia/.conda/envs/proyecto/lib/python3.10/site-packages/sklearn/svm/_base.py:1206: ConvergenceWarning: Liblinear failed to converge, increase the number of iterations.
  warnings.warn(
/home/est_posgrado_maria.garcia/.conda/envs/proyecto/lib/python3.10/site-packages/sklearn/svm/_base.py:1206: ConvergenceWarning: Liblinear failed to converge, increase the number of iterations.
  warnings.warn(
/home/est_posgrado_maria.garcia/.conda/envs/proyecto/lib/python3.10/site-packages/sklearn/svm/_base.py:1206: ConvergenceWarning: Liblinear failed to converge, increase the number of iterations.
  warnings.warn(
/home/est_posgrado_maria.garcia/.conda/envs/proyecto/lib/python3.10/site-packages/sklearn/svm/_base.py:1206: ConvergenceWarning: Liblinear failed to converge, increase the number of iterations.
  warnings.warn(
/home/est_posgrado_maria.garcia/.conda/envs/proyecto/lib/python3.10/site-packages/sklearn/svm/_base.py:1206: ConvergenceWarning: Liblinear failed to converge, increase the number of iterations.
  warnings.warn(
/home/est_posgrado_maria.garcia/.conda/envs/proyecto/lib/python3.10/site-packages/sklearn/svm/_base.py:1206: ConvergenceWarning: Liblinear failed to converge, increase the number of iterations.
  warnings.warn(
/home/est_posgrado_maria.garcia/.conda/envs/proyecto/lib/python3.10/site-packages/sklearn/svm/_base.py:1206: ConvergenceWarning: Liblinear failed to converge, increase the number of iterations.
  warnings.warn(
/home/est_posgrado_maria.garcia/.conda/envs/proyecto/lib/python3.10/site-packages/sklearn/svm/_base.py:1206: ConvergenceWarning: Liblinear failed to converge, increase the number of iterations.
  warnings.warn(
/home/est_posgrado_maria.garcia/.conda/envs/proyecto/lib/python3.10/site-packages/sklearn/svm/_base.py:1206: ConvergenceWarning: Liblinear failed to converge, increase the number of iterations.
  warnings.warn(
/home/est_posgrado_maria.garcia/.conda/envs/proyecto/lib/python3.10/site-packages/sklearn/svm/_base.py:1206: ConvergenceWarning: Liblinear failed to converge, increase the number of iterations.
  warnings.warn(
/home/est_posgrado_maria.garcia/.conda/envs/proyecto/lib/python3.10/site-packages/sklearn/svm/_base.py:1206: ConvergenceWarning: Liblinear failed to converge, increase the number of iterations.
  warnings.warn(
/home/est_posgrado_maria.garcia/.conda/envs/proyecto/lib/python3.10/site-packages/sklearn/svm/_base.py:1206: ConvergenceWarning: Liblinear failed to converge, increase the number of iterations.
  warnings.warn(
/home/est_posgrado_maria.garcia/.conda/envs/proyecto/lib/python3.10/site-packages/sklearn/svm/_base.py:1206: ConvergenceWarning: Liblinear failed to converge, increase the number of iterations.
  warnings.warn(
/home/est_posgrado_maria.garcia/.conda/envs/proyecto/lib/python3.10/site-packages/sklearn/svm/_base.py:1206: ConvergenceWarning: Liblinear failed to converge, increase the number of iterations.
  warnings.warn(
/home/est_posgrado_maria.garcia/.conda/envs/proyecto/lib/python3.10/site-packages/sklearn/svm/_base.py:1206: ConvergenceWarning: Liblinear failed to converge, increase the number of iterations.
  warnings.warn(
/home/est_posgrado_maria.garcia/.conda/envs/proyecto/lib/python3.10/site-packages/sklearn/svm/_base.py:1206: ConvergenceWarning: Liblinear failed to converge, increase the number of iterations.
  warnings.warn(
/home/est_posgrado_maria.garcia/.conda/envs/proyecto/lib/python3.10/site-packages/sklearn/svm/_base.py:1206: ConvergenceWarning: Liblinear failed to converge, increase the number of iterations.
  warnings.warn(
/home/est_posgrado_maria.garcia/.conda/envs/proyecto/lib/python3.10/site-packages/sklearn/svm/_base.py:1206: ConvergenceWarning: Liblinear failed to converge, increase the number of iterations.
  warnings.warn(
/home/est_posgrado_maria.garcia/.conda/envs/proyecto/lib/python3.10/site-packages/sklearn/svm/_base.py:1206: ConvergenceWarning: Liblinear failed to converge, increase the number of iterations.
  warnings.warn(
/home/est_posgrado_maria.garcia/.conda/envs/proyecto/lib/python3.10/site-packages/sklearn/svm/_base.py:1206: ConvergenceWarning: Liblinear failed to converge, increase the number of iterations.
  warnings.warn(
/home/est_posgrado_maria.garcia/.conda/envs/proyecto/lib/python3.10/site-packages/sklearn/svm/_base.py:1206: ConvergenceWarning: Liblinear failed to converge, increase the number of iterations.
  warnings.warn(
/home/est_posgrado_maria.garcia/.conda/envs/proyecto/lib/python3.10/site-packages/sklearn/svm/_base.py:1206: ConvergenceWarning: Liblinear failed to converge, increase the number of iterations.
  warnings.warn(
/home/est_posgrado_maria.garcia/.conda/envs/proyecto/lib/python3.10/site-packages/sklearn/svm/_base.py:1206: ConvergenceWarning: Liblinear failed to converge, increase the number of iterations.
  warnings.warn(
/home/est_posgrado_maria.garcia/.conda/envs/proyecto/lib/python3.10/site-packages/sklearn/svm/_base.py:1206: ConvergenceWarning: Liblinear failed to converge, increase the number of iterations.
  warnings.warn(
/home/est_posgrado_maria.garcia/.conda/envs/proyecto/lib/python3.10/site-packages/sklearn/svm/_base.py:1206: ConvergenceWarning: Liblinear failed to converge, increase the number of iterations.
  warnings.warn(
/home/est_posgrado_maria.garcia/.conda/envs/proyecto/lib/python3.10/site-packages/sklearn/svm/_base.py:1206: ConvergenceWarning: Liblinear failed to converge, increase the number of iterations.
  warnings.warn(
/home/est_posgrado_maria.garcia/.conda/envs/proyecto/lib/python3.10/site-packages/sklearn/svm/_base.py:1206: ConvergenceWarning: Liblinear failed to converge, increase the number of iterations.
  warnings.warn(
/home/est_posgrado_maria.garcia/.conda/envs/proyecto/lib/python3.10/site-packages/sklearn/svm/_base.py:1206: ConvergenceWarning: Liblinear failed to converge, increase the number of iterations.
  warnings.warn(
/home/est_posgrado_maria.garcia/.conda/envs/proyecto/lib/python3.10/site-packages/sklearn/svm/_base.py:1206: ConvergenceWarning: Liblinear failed to converge, increase the number of iterations.
  warnings.warn(
/home/est_posgrado_maria.garcia/.conda/envs/proyecto/lib/python3.10/site-packages/sklearn/svm/_base.py:1206: ConvergenceWarning: Liblinear failed to converge, increase the number of iterations.
  warnings.warn(
/home/est_posgrado_maria.garcia/.conda/envs/proyecto/lib/python3.10/site-packages/sklearn/svm/_base.py:1206: ConvergenceWarning: Liblinear failed to converge, increase the number of iterations.
  warnings.warn(
/home/est_posgrado_maria.garcia/.conda/envs/proyecto/lib/python3.10/site-packages/sklearn/svm/_base.py:1206: ConvergenceWarning: Liblinear failed to converge, increase the number of iterations.
  warnings.warn(
/home/est_posgrado_maria.garcia/.conda/envs/proyecto/lib/python3.10/site-packages/sklearn/svm/_base.py:1206: ConvergenceWarning: Liblinear failed to converge, increase the number of iterations.
  warnings.warn(
/home/est_posgrado_maria.garcia/.conda/envs/proyecto/lib/python3.10/site-packages/sklearn/svm/_base.py:1206: ConvergenceWarning: Liblinear failed to converge, increase the number of iterations.
  warnings.warn(
/home/est_posgrado_maria.garcia/.conda/envs/proyecto/lib/python3.10/site-packages/sklearn/svm/_base.py:1206: ConvergenceWarning: Liblinear failed to converge, increase the number of iterations.
  warnings.warn(
/home/est_posgrado_maria.garcia/.conda/envs/proyecto/lib/python3.10/site-packages/sklearn/svm/_base.py:1206: ConvergenceWarning: Liblinear failed to converge, increase the number of iterations.
  warnings.warn(
/home/est_posgrado_maria.garcia/.conda/envs/proyecto/lib/python3.10/site-packages/sklearn/svm/_base.py:1206: ConvergenceWarning: Liblinear failed to converge, increase the number of iterations.
  warnings.warn(
/home/est_posgrado_maria.garcia/.conda/envs/proyecto/lib/python3.10/site-packages/sklearn/svm/_base.py:1206: ConvergenceWarning: Liblinear failed to converge, increase the number of iterations.
  warnings.warn(
/home/est_posgrado_maria.garcia/.conda/envs/proyecto/lib/python3.10/site-packages/sklearn/svm/_base.py:1206: ConvergenceWarning: Liblinear failed to converge, increase the number of iterations.
  warnings.warn(
/home/est_posgrado_maria.garcia/.conda/envs/proyecto/lib/python3.10/site-packages/sklearn/svm/_base.py:1206: ConvergenceWarning: Liblinear failed to converge, increase the number of iterations.
  warnings.warn(
/home/est_posgrado_maria.garcia/.conda/envs/proyecto/lib/python3.10/site-packages/sklearn/svm/_base.py:1206: ConvergenceWarning: Liblinear failed to converge, increase the number of iterations.
  warnings.warn(
/home/est_posgrado_maria.garcia/.conda/envs/proyecto/lib/python3.10/site-packages/sklearn/svm/_base.py:1206: ConvergenceWarning: Liblinear failed to converge, increase the number of iterations.
  warnings.warn(
Quitando stopwords
Terminado
Vectorization for train data: Done
Vectorization for test data: Done
Quitando stopwords
Terminado
Vectorization for train data: Done
Vectorization for test data: Done
Quitando stopwords
Terminado
Vectorization for train data: Done
Vectorization for test data: Done
Quitando stopwords
Terminado
Vectorization for train data: Done
Vectorization for test data: Done
Quitando stopwords
Terminado
Vectorization for train data: Done
Vectorization for test data: Done
Quitando stopwords
Terminado
Vectorization for train data: Done
Vectorization for test data: Done
Quitando stopwords
Terminado
Vectorization for train data: Done
Vectorization for test data: Done
Vectorization for train data: Done
Vectorization for test data: Done
Vectorization for train data: Done
Vectorization for test data: Done
Vectorization for train data: Done
Vectorization for test data: Done
Vectorization for train data: Done
Vectorization for test data: Done
Vectorization for train data: Done
Vectorization for test data: Done
Vectorization for train data: Done
Vectorization for test data: Done
Vectorization for train data: Done
Vectorization for test data: Done
Vectorization for train data: Done
Vectorization for test data: Done
End experiments
16 16 16 16 16 16
Wed 20 Jul 2022 02:14:21 PM CDT
