c-1-36
Mon 22 Aug 2022 05:16:59 AM CDT
Warning : `load_model` does not return WordVectorModel or SupervisedModel any more, but a `FastText` object which is very similar.
Load_anxia
Load_dep
Load pretrained
text extracted for all users
text extracted for all users
text extracted for all users
text extracted for all users
text extracted for all users
text extracted for all users
text extracted for all users
text extracted for all users
text extracted for all users
text extracted for all users
Begins experiments
97
quitando stopwords
(152, 2) (320, 2)
done in 145.463411s
98
quitando stopwords
(152, 2) (320, 2)
done in 126.177127s
99
quitando stopwords
(152, 2) (320, 2)
done in 120.494957s
100
quitando stopwords
(152, 2) (320, 2)
done in 119.434096s
101
quitando stopwords
(152, 2) (320, 2)
done in 115.345330s
102
quitando stopwords
(152, 2) (320, 2)
done in 461.192981s
103
quitando stopwords
(152, 2) (320, 2)
done in 141.589264s
104
quitando stopwords
(152, 2) (320, 2)
done in 125.558592s
105
quitando stopwords
(152, 2) (320, 2)
done in 120.143473s
106
quitando stopwords
(152, 2) (320, 2)
done in 119.063601s
107
quitando stopwords
(152, 2) (320, 2)
done in 116.330021s
108
quitando stopwords
(152, 2) (320, 2)
done in 453.845563s
109
(152, 2) (320, 2)
done in 196.975240s
110
(152, 2) (320, 2)
done in 180.268500s
111
(152, 2) (320, 2)
done in 173.652704s
112
(152, 2) (320, 2)
done in 174.366031s
113
(152, 2) (320, 2)
done in 169.688677s
114
(152, 2) (320, 2)
done in 515.783569s
115
(152, 2) (320, 2)
done in 192.942136s
116
(152, 2) (320, 2)
done in 179.255369s
117
(152, 2) (320, 2)
done in 171.146258s
118
(152, 2) (320, 2)
done in 171.316689s
119
(152, 2) (320, 2)
done in 169.140276s
120
(152, 2) (320, 2)
done in 508.246834s
121
quitando stopwords
(152, 2) (320, 2)
done in 138.420762s
122
quitando stopwords
(152, 2) (320, 2)
done in 121.576710s
123
quitando stopwords
(152, 2) (320, 2)
done in 117.253233s
124
quitando stopwords
(152, 2) (320, 2)
done in 117.164767s
125
quitando stopwords
(152, 2) (320, 2)
done in 114.350422s
126
quitando stopwords
(152, 2) (320, 2)
done in 396.110476s
127
quitando stopwords
(152, 2) (320, 2)
done in 136.506351s
128
quitando stopwords
(152, 2) (320, 2)
done in 121.822599s
129
quitando stopwords
(152, 2) (320, 2)
done in 117.528135s
130
quitando stopwords
(152, 2) (320, 2)
done in 118.063494s
131
quitando stopwords
(152, 2) (320, 2)
done in 113.663699s
132
quitando stopwords
(152, 2) (320, 2)
done in 386.320411s
133
(152, 2) (320, 2)
done in 189.490203s
134
(152, 2) (320, 2)
done in 176.343482s
135
(152, 2) (320, 2)
done in 170.815206s
136
(152, 2) (320, 2)
done in 170.713158s
137
(152, 2) (320, 2)
done in 165.927961s
138
(152, 2) (320, 2)
done in 447.530465s
139
(152, 2) (320, 2)
done in 189.560555s
140
(152, 2) (320, 2)
done in 174.246114s
141
(152, 2) (320, 2)
done in 171.752988s
142
(152, 2) (320, 2)
done in 171.836843s
143
(152, 2) (320, 2)
done in 166.750425s
144
(152, 2) (320, 2)
done in 445.416609s
End experiments
Warning : `load_model` does not return WordVectorModel or SupervisedModel any more, but a `FastText` object which is very similar.
Load_anxia
Load_dep
Load pretrained
text extracted for all users
text extracted for all users
text extracted for all users
text extracted for all users
text extracted for all users
text extracted for all users
text extracted for all users
text extracted for all users
text extracted for all users
text extracted for all users
Begins experiments
145
quitando stopwords
(152, 2) (320, 2)
done in 127.590584s
146
quitando stopwords
(152, 2) (320, 2)
done in 118.270219s
147
quitando stopwords
(152, 2) (320, 2)
done in 117.933222s
148
quitando stopwords
(152, 2) (320, 2)
done in 126.607798s
149
quitando stopwords
(152, 2) (320, 2)
done in 121.307314s
150
quitando stopwords
(152, 2) (320, 2)
done in 124.935217s
151
quitando stopwords
(152, 2) (320, 2)
done in 120.652601s
152
quitando stopwords
(152, 2) (320, 2)
done in 212.092639s
153
quitando stopwords
(152, 2) (320, 2)
done in 117.720335s
154
quitando stopwords
(152, 2) (320, 2)
done in 122.221862s
155
quitando stopwords
(152, 2) (320, 2)
done in 117.797356s
156
quitando stopwords
(152, 2) (320, 2)
done in 116.944502s
157
(152, 2) (320, 2)
done in 178.407615s
158
(152, 2) (320, 2)
done in 173.836700s
159
(152, 2) (320, 2)
done in 172.426273s
160
(152, 2) (320, 2)
done in 181.045689s
161
(152, 2) (320, 2)
done in 175.647373s
162
(152, 2) (320, 2)
done in 178.491210s
163
(152, 2) (320, 2)
done in 173.947445s
164
(152, 2) (320, 2)
done in 270.504150s
165
(152, 2) (320, 2)
done in 173.052499s
166
(152, 2) (320, 2)
done in 176.381453s
167
(152, 2) (320, 2)
done in 171.753158s
168
(152, 2) (320, 2)
done in 170.540148s
169
quitando stopwords
(152, 2) (320, 2)
done in 123.107097s
170
quitando stopwords
(152, 2) (320, 2)
done in 117.242768s
171
quitando stopwords
(152, 2) (320, 2)
done in 116.459673s
172
quitando stopwords
(152, 2) (320, 2)
done in 125.228819s
173
quitando stopwords
(152, 2) (320, 2)
done in 118.970257s
174
quitando stopwords
(152, 2) (320, 2)
done in 122.628149s
175
quitando stopwords
(152, 2) (320, 2)
done in 119.438587s
176
quitando stopwords
(152, 2) (320, 2)
done in 208.241694s
177
quitando stopwords
(152, 2) (320, 2)
done in 117.381507s
178
quitando stopwords
(152, 2) (320, 2)
done in 120.414899s
179
quitando stopwords
(152, 2) (320, 2)
done in 116.611793s
180
quitando stopwords
(152, 2) (320, 2)
done in 117.252445s
181
(152, 2) (320, 2)
done in 177.294789s
182
(152, 2) (320, 2)
done in 171.585522s
183
(152, 2) (320, 2)
done in 171.284549s
184
(152, 2) (320, 2)
done in 178.977447s
185
(152, 2) (320, 2)
done in 174.232373s
186
(152, 2) (320, 2)
done in 176.078222s
187
(152, 2) (320, 2)
done in 172.988026s
188
(152, 2) (320, 2)
done in 265.975590s
189
(152, 2) (320, 2)
done in 171.150578s
190
(152, 2) (320, 2)
done in 175.115237s
191
(152, 2) (320, 2)
done in 170.819014s
192
(152, 2) (320, 2)
done in 170.383837s
End experiments
Mon 22 Aug 2022 10:07:23 AM CDT
