c-1-40
Mon 22 Aug 2022 11:29:29 AM CDT
Warning : `load_model` does not return WordVectorModel or SupervisedModel any more, but a `FastText` object which is very similar.
Load_anxia
Load_dep
Load pretrained
Begins experiments
152
quitando stopwords
(1707, 876) (1399, 876)
done in 5713.173496s
160
quitando stopwords
(1707, 876) (1399, 876)
done in 5773.558420s
155
quitando stopwords
(1707, 1421) (1399, 1421)
done in 6388.754058s
148
(1707, 1426) (1399, 1426)
done in 7807.452161s
153
quitando stopwords
(1707, 2609) (1399, 2609)
done in 7745.368269s
147
(1707, 3433) (1399, 3433)
done in 9726.288672s
146
(1707, 3438) (1399, 3438)
done in 9731.771168s
150
(1707, 1419) (1399, 1419)
done in 7828.186540s
151
quitando stopwords
(1707, 3769) (1399, 3769)
done in 9030.677151s
154
quitando stopwords
(1707, 4403) (1399, 4403)
done in 9781.843384s
149
(1707, 4403) (1399, 4403)
done in 10571.600545s
157
quitando stopwords
(1707, 9745) (1399, 9745)
done in 14435.414596s
143
(1707, 5031) (1399, 5031)
done in 11223.533472s
142
(1707, 8008) (1399, 8008)
done in 14070.549567s
141
(1707, 8008) (1399, 8008)
done in 14043.303869s
145
(1707, 8000) (1399, 8000)
done in 14133.764502s
159
quitando stopwords
(1707, 9745) (1399, 9745)
done in 14322.968638s
158
quitando stopwords
(1707, 9745) (1399, 9745)
done in 14360.039425s
156
quitando stopwords
(1707, 9745) (1399, 9745)
done in 14363.448944s
[(0.1410146173688736, {'C': 0.12}, 16, 7992), (0.1436265709156194, {'C': 0.12}, 16, 7992), (0.15296052631578946, {'C': 0.12}, 27, 5004), (0.14571092831962396, {'C': 0.05}, 8, 5004), (0.1413427561837456, {'C': 0.5}, 8, 7992), (0.1981981981981982, {'C': 0.25}, 9, 3429), (0.1366120218579235, {'C': 1}, 4, 3429), (0.43271767810026385, {'C': 4}, 8, 1418), (0.13999999999999999, {'C': 0.5}, 4, 4399), (0.13793103448275862, {'C': 2}, 1, 1418), (0.16725978647686832, {'C': 0.12}, 1, 3768), (0.13549039433771487, {'C': 0.05}, 1, 875), (0.1391465677179963, {'C': 4}, 3, 2606), (0.14454976303317535, {'C': 0.12}, 3, 4400), (0.09433962264150944, {'C': 4}, 3, 1418), (0.3923076923076923, {'C': 0.5}, 1753, 7992), (0.3923076923076923, {'C': 0.5}, 1753, 7992), (0.3923076923076923, {'C': 0.5}, 1753, 7992), (0.3923076923076923, {'C': 0.5}, 1753, 7992), (0.13549039433771487, {'C': 0.05}, 1, 875)]
End experiments
End experiments
Mon 22 Aug 2022 03:34:29 PM CDT
