c-1-34
Mon 22 Aug 2022 05:33:31 AM CDT
Warning : `load_model` does not return WordVectorModel or SupervisedModel any more, but a `FastText` object which is very similar.
Load_anxia
Load_dep
Load pretrained
text extracted for all users
text extracted for all users
text extracted for all users
text extracted for all users
text extracted for all users
text extracted for all users
text extracted for all users
text extracted for all users
text extracted for all users
text extracted for all users
Begins experiments
1001
quitando stopwords
(152, 2) (320, 2)
done in 186.523254s
1002
quitando stopwords
(152, 2) (320, 2)
done in 163.476726s
1003
quitando stopwords
(152, 2) (320, 2)
done in 154.204218s
1004
quitando stopwords
(152, 2) (320, 2)
done in 153.279142s
1005
quitando stopwords
(152, 2) (320, 2)
done in 146.848175s
1006
quitando stopwords
(152, 2) (320, 2)
done in 526.906152s
1007
quitando stopwords
(152, 2) (320, 2)
done in 179.911706s
1008
quitando stopwords
(152, 2) (320, 2)
done in 159.207439s
1009
quitando stopwords
(152, 2) (320, 2)
done in 151.139756s
1010
quitando stopwords
(152, 2) (320, 2)
done in 151.413457s
1011
quitando stopwords
(152, 2) (320, 2)
done in 146.162603s
1012
quitando stopwords
(152, 2) (320, 2)
done in 521.932722s
1013
(152, 2) (320, 2)
done in 232.353926s
1014
(152, 2) (320, 2)
done in 220.881878s
1015
(152, 2) (320, 2)
done in 209.245941s
1016
(152, 2) (320, 2)
done in 206.785912s
1017
(152, 2) (320, 2)
done in 203.253363s
1018
(152, 2) (320, 2)
done in 584.919685s
1019
(152, 2) (320, 2)
done in 229.930099s
1020
(152, 2) (320, 2)
done in 214.310707s
1021
(152, 2) (320, 2)
done in 206.979338s
1022
(152, 2) (320, 2)
done in 204.112183s
1023
(152, 2) (320, 2)
done in 201.237413s
1024
(152, 2) (320, 2)
done in 580.067660s
1025
quitando stopwords
(152, 2) (320, 2)
done in 175.522878s
1026
quitando stopwords
(152, 2) (320, 2)
done in 154.825490s
1027
quitando stopwords
(152, 2) (320, 2)
done in 150.898838s
1028
quitando stopwords
(152, 2) (320, 2)
done in 152.049776s
1029
quitando stopwords
(152, 2) (320, 2)
done in 145.320230s
1030
quitando stopwords
(152, 2) (320, 2)
done in 453.118938s
1031
quitando stopwords
(152, 2) (320, 2)
done in 174.471639s
1032
quitando stopwords
(152, 2) (320, 2)
done in 157.566327s
1033
quitando stopwords
(152, 2) (320, 2)
done in 151.852787s
1034
quitando stopwords
(152, 2) (320, 2)
done in 152.022488s
1035
quitando stopwords
(152, 2) (320, 2)
done in 147.265062s
1036
quitando stopwords
(152, 2) (320, 2)
done in 454.096374s
1037
(152, 2) (320, 2)
done in 233.520324s
1038
(152, 2) (320, 2)
done in 212.396848s
1039
(152, 2) (320, 2)
done in 207.790038s
1040
(152, 2) (320, 2)
done in 204.724070s
1041
(152, 2) (320, 2)
done in 198.725045s
1042
(152, 2) (320, 2)
done in 509.351481s
1043
(152, 2) (320, 2)
done in 229.015949s
1044
(152, 2) (320, 2)
done in 210.482080s
1045
(152, 2) (320, 2)
done in 204.479390s
1046
(152, 2) (320, 2)
done in 203.494289s
1047
(152, 2) (320, 2)
done in 199.059425s
1048
(152, 2) (320, 2)
done in 500.858077s
End experiments
Warning : `load_model` does not return WordVectorModel or SupervisedModel any more, but a `FastText` object which is very similar.
Load_anxia
Load_dep
Load pretrained
text extracted for all users
text extracted for all users
text extracted for all users
text extracted for all users
text extracted for all users
text extracted for all users
text extracted for all users
text extracted for all users
text extracted for all users
text extracted for all users
Begins experiments
1049
quitando stopwords
(152, 2) (320, 2)
done in 163.572699s
1050
quitando stopwords
(152, 2) (320, 2)
done in 151.632669s
1051
quitando stopwords
(152, 2) (320, 2)
done in 148.511899s
1052
quitando stopwords
(152, 2) (320, 2)
done in 162.796879s
1053
quitando stopwords
(152, 2) (320, 2)
done in 153.869810s
1054
quitando stopwords
(152, 2) (320, 2)
done in 160.266150s
1055
quitando stopwords
(152, 2) (320, 2)
done in 154.571798s
1056
quitando stopwords
(152, 2) (320, 2)
done in 267.470118s
1057
quitando stopwords
(152, 2) (320, 2)
done in 150.512922s
1058
quitando stopwords
(152, 2) (320, 2)
done in 156.052494s
1059
quitando stopwords
(152, 2) (320, 2)
done in 149.628706s
1060
quitando stopwords
(152, 2) (320, 2)
done in 149.681554s
1061
(152, 2) (320, 2)
done in 212.720974s
1062
(152, 2) (320, 2)
done in 209.085654s
1063
(152, 2) (320, 2)
done in 206.502329s
1064
(152, 2) (320, 2)
done in 217.025811s
1065
(152, 2) (320, 2)
done in 210.142046s
1066
(152, 2) (320, 2)
done in 217.221237s
1067
(152, 2) (320, 2)
done in 210.882045s
1068
(152, 2) (320, 2)
done in 325.289058s
1069
(152, 2) (320, 2)
done in 204.312881s
1070
(152, 2) (320, 2)
done in 213.301187s
1071
(152, 2) (320, 2)
done in 203.703096s
1072
(152, 2) (320, 2)
done in 203.449871s
1073
quitando stopwords
(152, 2) (320, 2)
done in 159.327833s
1074
quitando stopwords
(152, 2) (320, 2)
done in 151.593921s
1075
quitando stopwords
(152, 2) (320, 2)
done in 150.536925s
1076
quitando stopwords
(152, 2) (320, 2)
done in 162.190428s
1077
quitando stopwords
(152, 2) (320, 2)
done in 153.399619s
1078
quitando stopwords
(152, 2) (320, 2)
done in 158.849085s
1079
quitando stopwords
(152, 2) (320, 2)
done in 154.323469s
1080
quitando stopwords
(152, 2) (320, 2)
done in 265.316204s
1081
quitando stopwords
(152, 2) (320, 2)
done in 150.386130s
1082
quitando stopwords
(152, 2) (320, 2)
done in 156.953364s
1083
quitando stopwords
(152, 2) (320, 2)
done in 148.541296s
1084
quitando stopwords
(152, 2) (320, 2)
done in 149.055388s
1085
(152, 2) (320, 2)
done in 212.441006s
1086
(152, 2) (320, 2)
done in 206.041648s
1087
(152, 2) (320, 2)
done in 203.515339s
1088
(152, 2) (320, 2)
done in 214.659869s
1089
(152, 2) (320, 2)
done in 210.321082s
1090
(152, 2) (320, 2)
done in 214.047558s
1091
(152, 2) (320, 2)
done in 211.396636s
1092
(152, 2) (320, 2)
done in 323.584625s
1093
(152, 2) (320, 2)
done in 204.634102s
1094
(152, 2) (320, 2)
done in 210.618983s
1095
(152, 2) (320, 2)
done in 208.839285s
1096
(152, 2) (320, 2)
done in 205.852437s
End experiments
Mon 22 Aug 2022 11:24:54 AM CDT
