c-1-32
Mon 22 Aug 2022 04:19:58 AM CDT
Warning : `load_model` does not return WordVectorModel or SupervisedModel any more, but a `FastText` object which is very similar.
Load_anxia
Load_dep
Load pretrained
Begins experiments
139
quitando stopwords
(1707, 123) (1399, 123)
done in 5480.217004s
140
quitando stopwords
(1707, 948) (1399, 948)
done in 5844.415615s
132
quitando stopwords
(1707, 1008) (1399, 1008)
done in 5829.098063s
135
quitando stopwords
(1707, 1736) (1399, 1736)
done in 6750.046446s
133
quitando stopwords
(1707, 2926) (1399, 2926)
done in 7822.494624s
130
(1707, 1551) (1399, 1551)
done in 7900.131962s
131
quitando stopwords
(1707, 3902) (1399, 3902)
done in 8785.110657s
128
(1707, 1865) (1399, 1865)
done in 8090.077125s
127
(1707, 3879) (1399, 3879)
done in 9891.609115s
134
quitando stopwords
(1707, 4721) (1399, 4721)
done in 9855.299426s
126
(1707, 4179) (1399, 4179)
done in 10025.079855s
124
(1707, 5756) (1399, 5756)
done in 11437.130074s
129
(1707, 4850) (1399, 4850)
done in 10758.512624s
123
(1707, 6538) (1399, 6538)
done in 11773.139277s
122
(1707, 9529) (1399, 9529)
done in 14138.033861s
125
(1707, 8747) (1399, 8747)
done in 14146.541471s
121
(1707, 9529) (1399, 9529)
done in 14351.937042s
137
quitando stopwords
(1707, 16000) (1399, 16000)
done in 17126.112077s
138
quitando stopwords
(1707, 16000) (1399, 16000)
done in 17536.044028s
[(0.14133591481122942, {'C': 1}, 1529, 8000), (0.1437246963562753, {'C': 0.05}, 1529, 8000), (0.14014014014014012, {'C': 4}, 1529, 5009), (0.14336917562724014, {'C': 0.12}, 747, 5009), (0.14794007490636704, {'C': 0.05}, 747, 8000), (0.15464994775339605, {'C': 0.5}, 747, 3432), (0.13863216266173753, {'C': 2}, 447, 3432), (0.1683673469387755, {'C': 1}, 447, 1418), (0.14393125671321158, {'C': 0.5}, 447, 4403), (0.14385150812064965, {'C': 4}, 133, 1418), (0.1395007342143906, {'C': 0.12}, 133, 3769), (0.2156862745098039, {'C': 0.25}, 133, 875), (0.13092852371409486, {'C': 0.12}, 318, 2608), (0.14339622641509436, {'C': 0.5}, 318, 4403), (0.13969938107869143, {'C': 4}, 318, 1418), (0.16338028169014082, {'C': 4}, 8000, 8000), (0.16338028169014082, {'C': 4}, 8000, 8000), (0.16338028169014082, {'C': 4}, 8000, 8000), (0.22121212121212122, {'C': 1}, 18, 105), (0.13613613613613612, {'C': 0.12}, 73, 875)]
End experiments
End experiments
Mon 22 Aug 2022 09:18:14 AM CDT
