c-1-34
Sun 21 Aug 2022 08:07:56 PM CDT
Warning : `load_model` does not return WordVectorModel or SupervisedModel any more, but a `FastText` object which is very similar.
Load_anxia
Load_dep
Load pretrained
Begins experiments
72
quitando stopwords
(1707, 3438) (1399, 3438)
done in 8208.522955s
74
quitando stopwords
(1707, 8008) (1399, 8008)
done in 10039.327487s
75
quitando stopwords
(1707, 5031) (1399, 5031)
done in 8792.519722s
73
quitando stopwords
(1707, 8008) (1399, 8008)
done in 10080.480824s
71
quitando stopwords
(1707, 8000) (1399, 8000)
done in 9711.323182s
78
quitando stopwords
(1707, 9745) (1399, 9745)
done in 10792.079981s
66
(1707, 3438) (1399, 3438)
done in 10568.701381s
80
quitando stopwords
(1707, 9745) (1399, 9745)
done in 10825.838372s
76
quitando stopwords
(1707, 9745) (1399, 9745)
done in 10789.894315s
79
quitando stopwords
(1707, 9745) (1399, 9745)
done in 10863.935237s
77
quitando stopwords
(1707, 9745) (1399, 9745)
done in 10866.197947s
63
(1707, 5031) (1399, 5031)
done in 10890.620807s
70
(1707, 5012) (1399, 5012)
done in 10923.011719s
62
(1707, 8008) (1399, 8008)
done in 11383.171559s
64
(1707, 5012) (1399, 5012)
done in 10932.023369s
65
(1707, 8000) (1399, 8000)
done in 11389.978892s
67
(1707, 8014) (1399, 8014)
done in 11400.227205s
69
(1707, 8014) (1399, 8014)
done in 11411.254944s
[(0.5454545454545455, {'C': 0.5}, 16, 7992), (0.5454545454545455, {'C': 0.5}, 16, 7992), (0.5589519650655022, {'C': 0.05}, 27, 5004), (0.5589519650655022, {'C': 0.05}, 8, 5004), (0.5739910313901346, {'C': 0.05}, 8, 7992), (0.516949152542373, {'C': 0.05}, 9, 3429), (0.5855855855855855, {'C': 0.05}, 22, 7992), (0.5781990521327014, {'C': 0.05}, 1753, 7992), (0.5855855855855855, {'C': 0.05}, 22, 7992), (0.5589519650655022, {'C': 0.05}, 8, 5004), (0.579185520361991, {'C': 0.05}, 8, 7992), (0.5084745762711865, {'C': 0.05}, 9, 3429), (0.5765765765765767, {'C': 0.05}, 16, 7992), (0.5765765765765767, {'C': 0.05}, 16, 7992), (0.5128205128205129, {'C': 4}, 27, 5004), (0.5688073394495414, {'C': 0.05}, 1753, 7992), (0.5688073394495414, {'C': 0.05}, 1753, 7992), (0.5688073394495414, {'C': 0.05}, 1753, 7992), (0.5688073394495414, {'C': 0.05}, 1753, 7992), (0.5688073394495414, {'C': 0.05}, 1753, 7992)]
End experiments
End experiments
Sun 21 Aug 2022 11:25:16 PM CDT
