c-1-40
Mon 22 Aug 2022 03:37:44 AM CDT
Warning : `load_model` does not return WordVectorModel or SupervisedModel any more, but a `FastText` object which is very similar.
Load_anxia
Load_dep
Load pretrained
Begins experiments
112
quitando stopwords
(1707, 3438) (1399, 3438)
done in 8639.082300s
115
quitando stopwords
(1707, 5031) (1399, 5031)
done in 11384.657001s
106
(1707, 3438) (1399, 3438)
done in 10102.909875s
104
(1707, 5012) (1399, 5012)
done in 12573.014678s
110
(1707, 5012) (1399, 5012)
done in 12635.522022s
103
(1707, 5031) (1399, 5031)
done in 12675.635298s
114
quitando stopwords
(1707, 8008) (1399, 8008)
done in 16348.961944s
113
quitando stopwords
(1707, 8008) (1399, 8008)
done in 16351.620602s
111
quitando stopwords
(1707, 8000) (1399, 8000)
done in 16359.899458s
116
quitando stopwords
(1707, 9745) (1399, 9745)
done in 16929.569525s
120
quitando stopwords
(1707, 9745) (1399, 9745)
done in 17781.686453s
118
quitando stopwords
(1707, 9745) (1399, 9745)
done in 16946.710295s
102
(1707, 8008) (1399, 8008)
done in 17128.004529s
107
(1707, 8014) (1399, 8014)
done in 17133.803499s
105
(1707, 8000) (1399, 8000)
done in 17128.553159s
117
quitando stopwords
(1707, 9745) (1399, 9745)
done in 17220.420960s
[(0.1432408236347359, {'C': 0.5}, 16, 7992), (0.14916584887144257, {'C': 0.12}, 16, 7992), (0.16433239962651724, {'C': 0.25}, 27, 5004), (0.141156462585034, {'C': 0.12}, 8, 5004), (0.14069456812110417, {'C': 1}, 8, 7992), (0.15640273704789834, {'C': 1}, 9, 3429), (0.14862385321100918, {'C': 0.5}, 22, 7992), (0.38783269961977185, {'C': 0.5}, 1753, 7992), (0.1474414570685169, {'C': 0.05}, 22, 7992), (0.13780918727915195, {'C': 0.25}, 8, 5004), (0.14019520851818987, {'C': 0.12}, 8, 7992), (0.14977168949771688, {'C': 0.5}, 9, 3429), (0.14349775784753363, {'C': 0.05}, 16, 7992), (0.1436265709156194, {'C': 0.5}, 16, 7992), (0.15319148936170213, {'C': 0.05}, 27, 5004), (0.3923076923076923, {'C': 0.5}, 1753, 7992), (0.3893129770992366, {'C': 0.5}, 1753, 7992), (0.3923076923076923, {'C': 0.5}, 1753, 7992), (0.3923076923076923, {'C': 0.5}, 1753, 7992), (0.3923076923076923, {'C': 0.5}, 1753, 7992)]
End experiments
End experiments
Mon 22 Aug 2022 08:38:32 AM CDT
