c-1-6
Sun 17 Jul 2022 02:55:36 AM CDT
Load_anxia
Load_dep
Begin experiment
Begins experiments
Quitando stopwords
Terminado
Vectorization for train data: Done
Vectorization for test data: Done
Quitando stopwords
Terminado
Vectorization for train data: Done
Vectorization for test data: Done
/home/est_posgrado_maria.garcia/.conda/envs/proyecto/lib/python3.10/site-packages/sklearn/svm/_base.py:1206: ConvergenceWarning: Liblinear failed to converge, increase the number of iterations.
  warnings.warn(
/home/est_posgrado_maria.garcia/.conda/envs/proyecto/lib/python3.10/site-packages/sklearn/svm/_base.py:1206: ConvergenceWarning: Liblinear failed to converge, increase the number of iterations.
  warnings.warn(
Quitando stopwords
Terminado
Vectorization for train data: Done
Vectorization for test data: Done
/home/est_posgrado_maria.garcia/.conda/envs/proyecto/lib/python3.10/site-packages/sklearn/svm/_base.py:1206: ConvergenceWarning: Liblinear failed to converge, increase the number of iterations.
  warnings.warn(
Quitando stopwords
Terminado
Vectorization for train data: Done
Vectorization for test data: Done
Quitando stopwords
Terminado
Vectorization for train data: Done
Vectorization for test data: Done
Quitando stopwords
Terminado
Vectorization for train data: Done
Vectorization for test data: Done
Quitando stopwords
Terminado
Vectorization for train data: Done
Vectorization for test data: Done
Quitando stopwords
Terminado
Vectorization for train data: Done
Vectorization for test data: Done
Vectorization for train data: Done
Vectorization for test data: Done
Vectorization for train data: Done
Vectorization for test data: Done
/home/est_posgrado_maria.garcia/.conda/envs/proyecto/lib/python3.10/site-packages/sklearn/svm/_base.py:1206: ConvergenceWarning: Liblinear failed to converge, increase the number of iterations.
  warnings.warn(
/home/est_posgrado_maria.garcia/.conda/envs/proyecto/lib/python3.10/site-packages/sklearn/svm/_base.py:1206: ConvergenceWarning: Liblinear failed to converge, increase the number of iterations.
  warnings.warn(
Vectorization for train data: Done
Vectorization for test data: Done
/home/est_posgrado_maria.garcia/.conda/envs/proyecto/lib/python3.10/site-packages/sklearn/svm/_base.py:1206: ConvergenceWarning: Liblinear failed to converge, increase the number of iterations.
  warnings.warn(
Vectorization for train data: Done
Vectorization for test data: Done
/home/est_posgrado_maria.garcia/.conda/envs/proyecto/lib/python3.10/site-packages/sklearn/svm/_base.py:1206: ConvergenceWarning: Liblinear failed to converge, increase the number of iterations.
  warnings.warn(
Vectorization for train data: Done
Vectorization for test data: Done
Vectorization for train data: Done
Vectorization for test data: Done
Vectorization for train data: Done
Vectorization for test data: Done
Vectorization for train data: Done
Vectorization for test data: Done
Quitando stopwords
Terminado
Vectorization for train data: Done
Vectorization for test data: Done
/home/est_posgrado_maria.garcia/.conda/envs/proyecto/lib/python3.10/site-packages/sklearn/svm/_base.py:1206: ConvergenceWarning: Liblinear failed to converge, increase the number of iterations.
  warnings.warn(
/home/est_posgrado_maria.garcia/.conda/envs/proyecto/lib/python3.10/site-packages/sklearn/svm/_base.py:1206: ConvergenceWarning: Liblinear failed to converge, increase the number of iterations.
  warnings.warn(
/home/est_posgrado_maria.garcia/.conda/envs/proyecto/lib/python3.10/site-packages/sklearn/svm/_base.py:1206: ConvergenceWarning: Liblinear failed to converge, increase the number of iterations.
  warnings.warn(
Quitando stopwords
Terminado
Vectorization for train data: Done
Vectorization for test data: Done
/home/est_posgrado_maria.garcia/.conda/envs/proyecto/lib/python3.10/site-packages/sklearn/svm/_base.py:1206: ConvergenceWarning: Liblinear failed to converge, increase the number of iterations.
  warnings.warn(
/home/est_posgrado_maria.garcia/.conda/envs/proyecto/lib/python3.10/site-packages/sklearn/svm/_base.py:1206: ConvergenceWarning: Liblinear failed to converge, increase the number of iterations.
  warnings.warn(
/home/est_posgrado_maria.garcia/.conda/envs/proyecto/lib/python3.10/site-packages/sklearn/svm/_base.py:1206: ConvergenceWarning: Liblinear failed to converge, increase the number of iterations.
  warnings.warn(
/home/est_posgrado_maria.garcia/.conda/envs/proyecto/lib/python3.10/site-packages/sklearn/svm/_base.py:1206: ConvergenceWarning: Liblinear failed to converge, increase the number of iterations.
  warnings.warn(
/home/est_posgrado_maria.garcia/.conda/envs/proyecto/lib/python3.10/site-packages/sklearn/svm/_base.py:1206: ConvergenceWarning: Liblinear failed to converge, increase the number of iterations.
  warnings.warn(
/home/est_posgrado_maria.garcia/.conda/envs/proyecto/lib/python3.10/site-packages/sklearn/svm/_base.py:1206: ConvergenceWarning: Liblinear failed to converge, increase the number of iterations.
  warnings.warn(
/home/est_posgrado_maria.garcia/.conda/envs/proyecto/lib/python3.10/site-packages/sklearn/svm/_base.py:1206: ConvergenceWarning: Liblinear failed to converge, increase the number of iterations.
  warnings.warn(
/home/est_posgrado_maria.garcia/.conda/envs/proyecto/lib/python3.10/site-packages/sklearn/svm/_base.py:1206: ConvergenceWarning: Liblinear failed to converge, increase the number of iterations.
  warnings.warn(
/home/est_posgrado_maria.garcia/.conda/envs/proyecto/lib/python3.10/site-packages/sklearn/svm/_base.py:1206: ConvergenceWarning: Liblinear failed to converge, increase the number of iterations.
  warnings.warn(
/home/est_posgrado_maria.garcia/.conda/envs/proyecto/lib/python3.10/site-packages/sklearn/svm/_base.py:1206: ConvergenceWarning: Liblinear failed to converge, increase the number of iterations.
  warnings.warn(
/home/est_posgrado_maria.garcia/.conda/envs/proyecto/lib/python3.10/site-packages/sklearn/svm/_base.py:1206: ConvergenceWarning: Liblinear failed to converge, increase the number of iterations.
  warnings.warn(
/home/est_posgrado_maria.garcia/.conda/envs/proyecto/lib/python3.10/site-packages/sklearn/svm/_base.py:1206: ConvergenceWarning: Liblinear failed to converge, increase the number of iterations.
  warnings.warn(
/home/est_posgrado_maria.garcia/.conda/envs/proyecto/lib/python3.10/site-packages/sklearn/svm/_base.py:1206: ConvergenceWarning: Liblinear failed to converge, increase the number of iterations.
  warnings.warn(
/home/est_posgrado_maria.garcia/.conda/envs/proyecto/lib/python3.10/site-packages/sklearn/svm/_base.py:1206: ConvergenceWarning: Liblinear failed to converge, increase the number of iterations.
  warnings.warn(
/home/est_posgrado_maria.garcia/.conda/envs/proyecto/lib/python3.10/site-packages/sklearn/svm/_base.py:1206: ConvergenceWarning: Liblinear failed to converge, increase the number of iterations.
  warnings.warn(
/home/est_posgrado_maria.garcia/.conda/envs/proyecto/lib/python3.10/site-packages/sklearn/svm/_base.py:1206: ConvergenceWarning: Liblinear failed to converge, increase the number of iterations.
  warnings.warn(
/home/est_posgrado_maria.garcia/.conda/envs/proyecto/lib/python3.10/site-packages/sklearn/svm/_base.py:1206: ConvergenceWarning: Liblinear failed to converge, increase the number of iterations.
  warnings.warn(
/home/est_posgrado_maria.garcia/.conda/envs/proyecto/lib/python3.10/site-packages/sklearn/svm/_base.py:1206: ConvergenceWarning: Liblinear failed to converge, increase the number of iterations.
  warnings.warn(
/home/est_posgrado_maria.garcia/.conda/envs/proyecto/lib/python3.10/site-packages/sklearn/svm/_base.py:1206: ConvergenceWarning: Liblinear failed to converge, increase the number of iterations.
  warnings.warn(
Quitando stopwords
Terminado
Vectorization for train data: Done
Vectorization for test data: Done
/home/est_posgrado_maria.garcia/.conda/envs/proyecto/lib/python3.10/site-packages/sklearn/svm/_base.py:1206: ConvergenceWarning: Liblinear failed to converge, increase the number of iterations.
  warnings.warn(
/home/est_posgrado_maria.garcia/.conda/envs/proyecto/lib/python3.10/site-packages/sklearn/svm/_base.py:1206: ConvergenceWarning: Liblinear failed to converge, increase the number of iterations.
  warnings.warn(
/home/est_posgrado_maria.garcia/.conda/envs/proyecto/lib/python3.10/site-packages/sklearn/svm/_base.py:1206: ConvergenceWarning: Liblinear failed to converge, increase the number of iterations.
  warnings.warn(
/home/est_posgrado_maria.garcia/.conda/envs/proyecto/lib/python3.10/site-packages/sklearn/svm/_base.py:1206: ConvergenceWarning: Liblinear failed to converge, increase the number of iterations.
  warnings.warn(
/home/est_posgrado_maria.garcia/.conda/envs/proyecto/lib/python3.10/site-packages/sklearn/svm/_base.py:1206: ConvergenceWarning: Liblinear failed to converge, increase the number of iterations.
  warnings.warn(
/home/est_posgrado_maria.garcia/.conda/envs/proyecto/lib/python3.10/site-packages/sklearn/svm/_base.py:1206: ConvergenceWarning: Liblinear failed to converge, increase the number of iterations.
  warnings.warn(
/home/est_posgrado_maria.garcia/.conda/envs/proyecto/lib/python3.10/site-packages/sklearn/svm/_base.py:1206: ConvergenceWarning: Liblinear failed to converge, increase the number of iterations.
  warnings.warn(
/home/est_posgrado_maria.garcia/.conda/envs/proyecto/lib/python3.10/site-packages/sklearn/svm/_base.py:1206: ConvergenceWarning: Liblinear failed to converge, increase the number of iterations.
  warnings.warn(
/home/est_posgrado_maria.garcia/.conda/envs/proyecto/lib/python3.10/site-packages/sklearn/svm/_base.py:1206: ConvergenceWarning: Liblinear failed to converge, increase the number of iterations.
  warnings.warn(
/home/est_posgrado_maria.garcia/.conda/envs/proyecto/lib/python3.10/site-packages/sklearn/svm/_base.py:1206: ConvergenceWarning: Liblinear failed to converge, increase the number of iterations.
  warnings.warn(
/home/est_posgrado_maria.garcia/.conda/envs/proyecto/lib/python3.10/site-packages/sklearn/svm/_base.py:1206: ConvergenceWarning: Liblinear failed to converge, increase the number of iterations.
  warnings.warn(
/home/est_posgrado_maria.garcia/.conda/envs/proyecto/lib/python3.10/site-packages/sklearn/svm/_base.py:1206: ConvergenceWarning: Liblinear failed to converge, increase the number of iterations.
  warnings.warn(
/home/est_posgrado_maria.garcia/.conda/envs/proyecto/lib/python3.10/site-packages/sklearn/svm/_base.py:1206: ConvergenceWarning: Liblinear failed to converge, increase the number of iterations.
  warnings.warn(
/home/est_posgrado_maria.garcia/.conda/envs/proyecto/lib/python3.10/site-packages/sklearn/svm/_base.py:1206: ConvergenceWarning: Liblinear failed to converge, increase the number of iterations.
  warnings.warn(
/home/est_posgrado_maria.garcia/.conda/envs/proyecto/lib/python3.10/site-packages/sklearn/svm/_base.py:1206: ConvergenceWarning: Liblinear failed to converge, increase the number of iterations.
  warnings.warn(
/home/est_posgrado_maria.garcia/.conda/envs/proyecto/lib/python3.10/site-packages/sklearn/svm/_base.py:1206: ConvergenceWarning: Liblinear failed to converge, increase the number of iterations.
  warnings.warn(
/home/est_posgrado_maria.garcia/.conda/envs/proyecto/lib/python3.10/site-packages/sklearn/svm/_base.py:1206: ConvergenceWarning: Liblinear failed to converge, increase the number of iterations.
  warnings.warn(
/home/est_posgrado_maria.garcia/.conda/envs/proyecto/lib/python3.10/site-packages/sklearn/svm/_base.py:1206: ConvergenceWarning: Liblinear failed to converge, increase the number of iterations.
  warnings.warn(
/home/est_posgrado_maria.garcia/.conda/envs/proyecto/lib/python3.10/site-packages/sklearn/svm/_base.py:1206: ConvergenceWarning: Liblinear failed to converge, increase the number of iterations.
  warnings.warn(
/home/est_posgrado_maria.garcia/.conda/envs/proyecto/lib/python3.10/site-packages/sklearn/svm/_base.py:1206: ConvergenceWarning: Liblinear failed to converge, increase the number of iterations.
  warnings.warn(
/home/est_posgrado_maria.garcia/.conda/envs/proyecto/lib/python3.10/site-packages/sklearn/svm/_base.py:1206: ConvergenceWarning: Liblinear failed to converge, increase the number of iterations.
  warnings.warn(
Quitando stopwords
Terminado
Vectorization for train data: Done
Vectorization for test data: Done
/home/est_posgrado_maria.garcia/.conda/envs/proyecto/lib/python3.10/site-packages/sklearn/svm/_base.py:1206: ConvergenceWarning: Liblinear failed to converge, increase the number of iterations.
  warnings.warn(
/home/est_posgrado_maria.garcia/.conda/envs/proyecto/lib/python3.10/site-packages/sklearn/svm/_base.py:1206: ConvergenceWarning: Liblinear failed to converge, increase the number of iterations.
  warnings.warn(
/home/est_posgrado_maria.garcia/.conda/envs/proyecto/lib/python3.10/site-packages/sklearn/svm/_base.py:1206: ConvergenceWarning: Liblinear failed to converge, increase the number of iterations.
  warnings.warn(
/home/est_posgrado_maria.garcia/.conda/envs/proyecto/lib/python3.10/site-packages/sklearn/svm/_base.py:1206: ConvergenceWarning: Liblinear failed to converge, increase the number of iterations.
  warnings.warn(
/home/est_posgrado_maria.garcia/.conda/envs/proyecto/lib/python3.10/site-packages/sklearn/svm/_base.py:1206: ConvergenceWarning: Liblinear failed to converge, increase the number of iterations.
  warnings.warn(
/home/est_posgrado_maria.garcia/.conda/envs/proyecto/lib/python3.10/site-packages/sklearn/svm/_base.py:1206: ConvergenceWarning: Liblinear failed to converge, increase the number of iterations.
  warnings.warn(
/home/est_posgrado_maria.garcia/.conda/envs/proyecto/lib/python3.10/site-packages/sklearn/svm/_base.py:1206: ConvergenceWarning: Liblinear failed to converge, increase the number of iterations.
  warnings.warn(
/home/est_posgrado_maria.garcia/.conda/envs/proyecto/lib/python3.10/site-packages/sklearn/svm/_base.py:1206: ConvergenceWarning: Liblinear failed to converge, increase the number of iterations.
  warnings.warn(
/home/est_posgrado_maria.garcia/.conda/envs/proyecto/lib/python3.10/site-packages/sklearn/svm/_base.py:1206: ConvergenceWarning: Liblinear failed to converge, increase the number of iterations.
  warnings.warn(
/home/est_posgrado_maria.garcia/.conda/envs/proyecto/lib/python3.10/site-packages/sklearn/svm/_base.py:1206: ConvergenceWarning: Liblinear failed to converge, increase the number of iterations.
  warnings.warn(
/home/est_posgrado_maria.garcia/.conda/envs/proyecto/lib/python3.10/site-packages/sklearn/svm/_base.py:1206: ConvergenceWarning: Liblinear failed to converge, increase the number of iterations.
  warnings.warn(
/home/est_posgrado_maria.garcia/.conda/envs/proyecto/lib/python3.10/site-packages/sklearn/svm/_base.py:1206: ConvergenceWarning: Liblinear failed to converge, increase the number of iterations.
  warnings.warn(
/home/est_posgrado_maria.garcia/.conda/envs/proyecto/lib/python3.10/site-packages/sklearn/svm/_base.py:1206: ConvergenceWarning: Liblinear failed to converge, increase the number of iterations.
  warnings.warn(
/home/est_posgrado_maria.garcia/.conda/envs/proyecto/lib/python3.10/site-packages/sklearn/svm/_base.py:1206: ConvergenceWarning: Liblinear failed to converge, increase the number of iterations.
  warnings.warn(
/home/est_posgrado_maria.garcia/.conda/envs/proyecto/lib/python3.10/site-packages/sklearn/svm/_base.py:1206: ConvergenceWarning: Liblinear failed to converge, increase the number of iterations.
  warnings.warn(
/home/est_posgrado_maria.garcia/.conda/envs/proyecto/lib/python3.10/site-packages/sklearn/svm/_base.py:1206: ConvergenceWarning: Liblinear failed to converge, increase the number of iterations.
  warnings.warn(
/home/est_posgrado_maria.garcia/.conda/envs/proyecto/lib/python3.10/site-packages/sklearn/svm/_base.py:1206: ConvergenceWarning: Liblinear failed to converge, increase the number of iterations.
  warnings.warn(
/home/est_posgrado_maria.garcia/.conda/envs/proyecto/lib/python3.10/site-packages/sklearn/svm/_base.py:1206: ConvergenceWarning: Liblinear failed to converge, increase the number of iterations.
  warnings.warn(
/home/est_posgrado_maria.garcia/.conda/envs/proyecto/lib/python3.10/site-packages/sklearn/svm/_base.py:1206: ConvergenceWarning: Liblinear failed to converge, increase the number of iterations.
  warnings.warn(
/home/est_posgrado_maria.garcia/.conda/envs/proyecto/lib/python3.10/site-packages/sklearn/svm/_base.py:1206: ConvergenceWarning: Liblinear failed to converge, increase the number of iterations.
  warnings.warn(
/home/est_posgrado_maria.garcia/.conda/envs/proyecto/lib/python3.10/site-packages/sklearn/svm/_base.py:1206: ConvergenceWarning: Liblinear failed to converge, increase the number of iterations.
  warnings.warn(
/home/est_posgrado_maria.garcia/.conda/envs/proyecto/lib/python3.10/site-packages/sklearn/svm/_base.py:1206: ConvergenceWarning: Liblinear failed to converge, increase the number of iterations.
  warnings.warn(
/home/est_posgrado_maria.garcia/.conda/envs/proyecto/lib/python3.10/site-packages/sklearn/svm/_base.py:1206: ConvergenceWarning: Liblinear failed to converge, increase the number of iterations.
  warnings.warn(
/home/est_posgrado_maria.garcia/.conda/envs/proyecto/lib/python3.10/site-packages/sklearn/svm/_base.py:1206: ConvergenceWarning: Liblinear failed to converge, increase the number of iterations.
  warnings.warn(
/home/est_posgrado_maria.garcia/.conda/envs/proyecto/lib/python3.10/site-packages/sklearn/svm/_base.py:1206: ConvergenceWarning: Liblinear failed to converge, increase the number of iterations.
  warnings.warn(
/home/est_posgrado_maria.garcia/.conda/envs/proyecto/lib/python3.10/site-packages/sklearn/svm/_base.py:1206: ConvergenceWarning: Liblinear failed to converge, increase the number of iterations.
  warnings.warn(
/home/est_posgrado_maria.garcia/.conda/envs/proyecto/lib/python3.10/site-packages/sklearn/svm/_base.py:1206: ConvergenceWarning: Liblinear failed to converge, increase the number of iterations.
  warnings.warn(
/home/est_posgrado_maria.garcia/.conda/envs/proyecto/lib/python3.10/site-packages/sklearn/svm/_base.py:1206: ConvergenceWarning: Liblinear failed to converge, increase the number of iterations.
  warnings.warn(
/home/est_posgrado_maria.garcia/.conda/envs/proyecto/lib/python3.10/site-packages/sklearn/svm/_base.py:1206: ConvergenceWarning: Liblinear failed to converge, increase the number of iterations.
  warnings.warn(
/home/est_posgrado_maria.garcia/.conda/envs/proyecto/lib/python3.10/site-packages/sklearn/svm/_base.py:1206: ConvergenceWarning: Liblinear failed to converge, increase the number of iterations.
  warnings.warn(
/home/est_posgrado_maria.garcia/.conda/envs/proyecto/lib/python3.10/site-packages/sklearn/svm/_base.py:1206: ConvergenceWarning: Liblinear failed to converge, increase the number of iterations.
  warnings.warn(
Quitando stopwords
Terminado
Vectorization for train data: Done
Vectorization for test data: Done
Quitando stopwords
Terminado
Vectorization for train data: Done
Vectorization for test data: Done
Quitando stopwords
Terminado
Vectorization for train data: Done
Vectorization for test data: Done
Quitando stopwords
Terminado
Vectorization for train data: Done
Vectorization for test data: Done
Vectorization for train data: Done
Vectorization for test data: Done
/home/est_posgrado_maria.garcia/.conda/envs/proyecto/lib/python3.10/site-packages/sklearn/svm/_base.py:1206: ConvergenceWarning: Liblinear failed to converge, increase the number of iterations.
  warnings.warn(
/home/est_posgrado_maria.garcia/.conda/envs/proyecto/lib/python3.10/site-packages/sklearn/svm/_base.py:1206: ConvergenceWarning: Liblinear failed to converge, increase the number of iterations.
  warnings.warn(
Vectorization for train data: Done
Vectorization for test data: Done
/home/est_posgrado_maria.garcia/.conda/envs/proyecto/lib/python3.10/site-packages/sklearn/svm/_base.py:1206: ConvergenceWarning: Liblinear failed to converge, increase the number of iterations.
  warnings.warn(
/home/est_posgrado_maria.garcia/.conda/envs/proyecto/lib/python3.10/site-packages/sklearn/svm/_base.py:1206: ConvergenceWarning: Liblinear failed to converge, increase the number of iterations.
  warnings.warn(
/home/est_posgrado_maria.garcia/.conda/envs/proyecto/lib/python3.10/site-packages/sklearn/svm/_base.py:1206: ConvergenceWarning: Liblinear failed to converge, increase the number of iterations.
  warnings.warn(
/home/est_posgrado_maria.garcia/.conda/envs/proyecto/lib/python3.10/site-packages/sklearn/svm/_base.py:1206: ConvergenceWarning: Liblinear failed to converge, increase the number of iterations.
  warnings.warn(
/home/est_posgrado_maria.garcia/.conda/envs/proyecto/lib/python3.10/site-packages/sklearn/svm/_base.py:1206: ConvergenceWarning: Liblinear failed to converge, increase the number of iterations.
  warnings.warn(
/home/est_posgrado_maria.garcia/.conda/envs/proyecto/lib/python3.10/site-packages/sklearn/svm/_base.py:1206: ConvergenceWarning: Liblinear failed to converge, increase the number of iterations.
  warnings.warn(
/home/est_posgrado_maria.garcia/.conda/envs/proyecto/lib/python3.10/site-packages/sklearn/svm/_base.py:1206: ConvergenceWarning: Liblinear failed to converge, increase the number of iterations.
  warnings.warn(
/home/est_posgrado_maria.garcia/.conda/envs/proyecto/lib/python3.10/site-packages/sklearn/svm/_base.py:1206: ConvergenceWarning: Liblinear failed to converge, increase the number of iterations.
  warnings.warn(
/home/est_posgrado_maria.garcia/.conda/envs/proyecto/lib/python3.10/site-packages/sklearn/svm/_base.py:1206: ConvergenceWarning: Liblinear failed to converge, increase the number of iterations.
  warnings.warn(
/home/est_posgrado_maria.garcia/.conda/envs/proyecto/lib/python3.10/site-packages/sklearn/svm/_base.py:1206: ConvergenceWarning: Liblinear failed to converge, increase the number of iterations.
  warnings.warn(
/home/est_posgrado_maria.garcia/.conda/envs/proyecto/lib/python3.10/site-packages/sklearn/svm/_base.py:1206: ConvergenceWarning: Liblinear failed to converge, increase the number of iterations.
  warnings.warn(
/home/est_posgrado_maria.garcia/.conda/envs/proyecto/lib/python3.10/site-packages/sklearn/svm/_base.py:1206: ConvergenceWarning: Liblinear failed to converge, increase the number of iterations.
  warnings.warn(
/home/est_posgrado_maria.garcia/.conda/envs/proyecto/lib/python3.10/site-packages/sklearn/svm/_base.py:1206: ConvergenceWarning: Liblinear failed to converge, increase the number of iterations.
  warnings.warn(
/home/est_posgrado_maria.garcia/.conda/envs/proyecto/lib/python3.10/site-packages/sklearn/svm/_base.py:1206: ConvergenceWarning: Liblinear failed to converge, increase the number of iterations.
  warnings.warn(
/home/est_posgrado_maria.garcia/.conda/envs/proyecto/lib/python3.10/site-packages/sklearn/svm/_base.py:1206: ConvergenceWarning: Liblinear failed to converge, increase the number of iterations.
  warnings.warn(
/home/est_posgrado_maria.garcia/.conda/envs/proyecto/lib/python3.10/site-packages/sklearn/svm/_base.py:1206: ConvergenceWarning: Liblinear failed to converge, increase the number of iterations.
  warnings.warn(
/home/est_posgrado_maria.garcia/.conda/envs/proyecto/lib/python3.10/site-packages/sklearn/svm/_base.py:1206: ConvergenceWarning: Liblinear failed to converge, increase the number of iterations.
  warnings.warn(
/home/est_posgrado_maria.garcia/.conda/envs/proyecto/lib/python3.10/site-packages/sklearn/svm/_base.py:1206: ConvergenceWarning: Liblinear failed to converge, increase the number of iterations.
  warnings.warn(
Vectorization for train data: Done
Vectorization for test data: Done
/home/est_posgrado_maria.garcia/.conda/envs/proyecto/lib/python3.10/site-packages/sklearn/svm/_base.py:1206: ConvergenceWarning: Liblinear failed to converge, increase the number of iterations.
  warnings.warn(
/home/est_posgrado_maria.garcia/.conda/envs/proyecto/lib/python3.10/site-packages/sklearn/svm/_base.py:1206: ConvergenceWarning: Liblinear failed to converge, increase the number of iterations.
  warnings.warn(
/home/est_posgrado_maria.garcia/.conda/envs/proyecto/lib/python3.10/site-packages/sklearn/svm/_base.py:1206: ConvergenceWarning: Liblinear failed to converge, increase the number of iterations.
  warnings.warn(
/home/est_posgrado_maria.garcia/.conda/envs/proyecto/lib/python3.10/site-packages/sklearn/svm/_base.py:1206: ConvergenceWarning: Liblinear failed to converge, increase the number of iterations.
  warnings.warn(
/home/est_posgrado_maria.garcia/.conda/envs/proyecto/lib/python3.10/site-packages/sklearn/svm/_base.py:1206: ConvergenceWarning: Liblinear failed to converge, increase the number of iterations.
  warnings.warn(
/home/est_posgrado_maria.garcia/.conda/envs/proyecto/lib/python3.10/site-packages/sklearn/svm/_base.py:1206: ConvergenceWarning: Liblinear failed to converge, increase the number of iterations.
  warnings.warn(
/home/est_posgrado_maria.garcia/.conda/envs/proyecto/lib/python3.10/site-packages/sklearn/svm/_base.py:1206: ConvergenceWarning: Liblinear failed to converge, increase the number of iterations.
  warnings.warn(
/home/est_posgrado_maria.garcia/.conda/envs/proyecto/lib/python3.10/site-packages/sklearn/svm/_base.py:1206: ConvergenceWarning: Liblinear failed to converge, increase the number of iterations.
  warnings.warn(
/home/est_posgrado_maria.garcia/.conda/envs/proyecto/lib/python3.10/site-packages/sklearn/svm/_base.py:1206: ConvergenceWarning: Liblinear failed to converge, increase the number of iterations.
  warnings.warn(
/home/est_posgrado_maria.garcia/.conda/envs/proyecto/lib/python3.10/site-packages/sklearn/svm/_base.py:1206: ConvergenceWarning: Liblinear failed to converge, increase the number of iterations.
  warnings.warn(
/home/est_posgrado_maria.garcia/.conda/envs/proyecto/lib/python3.10/site-packages/sklearn/svm/_base.py:1206: ConvergenceWarning: Liblinear failed to converge, increase the number of iterations.
  warnings.warn(
/home/est_posgrado_maria.garcia/.conda/envs/proyecto/lib/python3.10/site-packages/sklearn/svm/_base.py:1206: ConvergenceWarning: Liblinear failed to converge, increase the number of iterations.
  warnings.warn(
/home/est_posgrado_maria.garcia/.conda/envs/proyecto/lib/python3.10/site-packages/sklearn/svm/_base.py:1206: ConvergenceWarning: Liblinear failed to converge, increase the number of iterations.
  warnings.warn(
/home/est_posgrado_maria.garcia/.conda/envs/proyecto/lib/python3.10/site-packages/sklearn/svm/_base.py:1206: ConvergenceWarning: Liblinear failed to converge, increase the number of iterations.
  warnings.warn(
/home/est_posgrado_maria.garcia/.conda/envs/proyecto/lib/python3.10/site-packages/sklearn/svm/_base.py:1206: ConvergenceWarning: Liblinear failed to converge, increase the number of iterations.
  warnings.warn(
/home/est_posgrado_maria.garcia/.conda/envs/proyecto/lib/python3.10/site-packages/sklearn/svm/_base.py:1206: ConvergenceWarning: Liblinear failed to converge, increase the number of iterations.
  warnings.warn(
/home/est_posgrado_maria.garcia/.conda/envs/proyecto/lib/python3.10/site-packages/sklearn/svm/_base.py:1206: ConvergenceWarning: Liblinear failed to converge, increase the number of iterations.
  warnings.warn(
/home/est_posgrado_maria.garcia/.conda/envs/proyecto/lib/python3.10/site-packages/sklearn/svm/_base.py:1206: ConvergenceWarning: Liblinear failed to converge, increase the number of iterations.
  warnings.warn(
/home/est_posgrado_maria.garcia/.conda/envs/proyecto/lib/python3.10/site-packages/sklearn/svm/_base.py:1206: ConvergenceWarning: Liblinear failed to converge, increase the number of iterations.
  warnings.warn(
/home/est_posgrado_maria.garcia/.conda/envs/proyecto/lib/python3.10/site-packages/sklearn/svm/_base.py:1206: ConvergenceWarning: Liblinear failed to converge, increase the number of iterations.
  warnings.warn(
Vectorization for train data: Done
Vectorization for test data: Done
/home/est_posgrado_maria.garcia/.conda/envs/proyecto/lib/python3.10/site-packages/sklearn/svm/_base.py:1206: ConvergenceWarning: Liblinear failed to converge, increase the number of iterations.
  warnings.warn(
/home/est_posgrado_maria.garcia/.conda/envs/proyecto/lib/python3.10/site-packages/sklearn/svm/_base.py:1206: ConvergenceWarning: Liblinear failed to converge, increase the number of iterations.
  warnings.warn(
/home/est_posgrado_maria.garcia/.conda/envs/proyecto/lib/python3.10/site-packages/sklearn/svm/_base.py:1206: ConvergenceWarning: Liblinear failed to converge, increase the number of iterations.
  warnings.warn(
/home/est_posgrado_maria.garcia/.conda/envs/proyecto/lib/python3.10/site-packages/sklearn/svm/_base.py:1206: ConvergenceWarning: Liblinear failed to converge, increase the number of iterations.
  warnings.warn(
/home/est_posgrado_maria.garcia/.conda/envs/proyecto/lib/python3.10/site-packages/sklearn/svm/_base.py:1206: ConvergenceWarning: Liblinear failed to converge, increase the number of iterations.
  warnings.warn(
/home/est_posgrado_maria.garcia/.conda/envs/proyecto/lib/python3.10/site-packages/sklearn/svm/_base.py:1206: ConvergenceWarning: Liblinear failed to converge, increase the number of iterations.
  warnings.warn(
/home/est_posgrado_maria.garcia/.conda/envs/proyecto/lib/python3.10/site-packages/sklearn/svm/_base.py:1206: ConvergenceWarning: Liblinear failed to converge, increase the number of iterations.
  warnings.warn(
/home/est_posgrado_maria.garcia/.conda/envs/proyecto/lib/python3.10/site-packages/sklearn/svm/_base.py:1206: ConvergenceWarning: Liblinear failed to converge, increase the number of iterations.
  warnings.warn(
/home/est_posgrado_maria.garcia/.conda/envs/proyecto/lib/python3.10/site-packages/sklearn/svm/_base.py:1206: ConvergenceWarning: Liblinear failed to converge, increase the number of iterations.
  warnings.warn(
/home/est_posgrado_maria.garcia/.conda/envs/proyecto/lib/python3.10/site-packages/sklearn/svm/_base.py:1206: ConvergenceWarning: Liblinear failed to converge, increase the number of iterations.
  warnings.warn(
/home/est_posgrado_maria.garcia/.conda/envs/proyecto/lib/python3.10/site-packages/sklearn/svm/_base.py:1206: ConvergenceWarning: Liblinear failed to converge, increase the number of iterations.
  warnings.warn(
/home/est_posgrado_maria.garcia/.conda/envs/proyecto/lib/python3.10/site-packages/sklearn/svm/_base.py:1206: ConvergenceWarning: Liblinear failed to converge, increase the number of iterations.
  warnings.warn(
/home/est_posgrado_maria.garcia/.conda/envs/proyecto/lib/python3.10/site-packages/sklearn/svm/_base.py:1206: ConvergenceWarning: Liblinear failed to converge, increase the number of iterations.
  warnings.warn(
/home/est_posgrado_maria.garcia/.conda/envs/proyecto/lib/python3.10/site-packages/sklearn/svm/_base.py:1206: ConvergenceWarning: Liblinear failed to converge, increase the number of iterations.
  warnings.warn(
/home/est_posgrado_maria.garcia/.conda/envs/proyecto/lib/python3.10/site-packages/sklearn/svm/_base.py:1206: ConvergenceWarning: Liblinear failed to converge, increase the number of iterations.
  warnings.warn(
/home/est_posgrado_maria.garcia/.conda/envs/proyecto/lib/python3.10/site-packages/sklearn/svm/_base.py:1206: ConvergenceWarning: Liblinear failed to converge, increase the number of iterations.
  warnings.warn(
/home/est_posgrado_maria.garcia/.conda/envs/proyecto/lib/python3.10/site-packages/sklearn/svm/_base.py:1206: ConvergenceWarning: Liblinear failed to converge, increase the number of iterations.
  warnings.warn(
/home/est_posgrado_maria.garcia/.conda/envs/proyecto/lib/python3.10/site-packages/sklearn/svm/_base.py:1206: ConvergenceWarning: Liblinear failed to converge, increase the number of iterations.
  warnings.warn(
/home/est_posgrado_maria.garcia/.conda/envs/proyecto/lib/python3.10/site-packages/sklearn/svm/_base.py:1206: ConvergenceWarning: Liblinear failed to converge, increase the number of iterations.
  warnings.warn(
/home/est_posgrado_maria.garcia/.conda/envs/proyecto/lib/python3.10/site-packages/sklearn/svm/_base.py:1206: ConvergenceWarning: Liblinear failed to converge, increase the number of iterations.
  warnings.warn(
/home/est_posgrado_maria.garcia/.conda/envs/proyecto/lib/python3.10/site-packages/sklearn/svm/_base.py:1206: ConvergenceWarning: Liblinear failed to converge, increase the number of iterations.
  warnings.warn(
/home/est_posgrado_maria.garcia/.conda/envs/proyecto/lib/python3.10/site-packages/sklearn/svm/_base.py:1206: ConvergenceWarning: Liblinear failed to converge, increase the number of iterations.
  warnings.warn(
/home/est_posgrado_maria.garcia/.conda/envs/proyecto/lib/python3.10/site-packages/sklearn/svm/_base.py:1206: ConvergenceWarning: Liblinear failed to converge, increase the number of iterations.
  warnings.warn(
/home/est_posgrado_maria.garcia/.conda/envs/proyecto/lib/python3.10/site-packages/sklearn/svm/_base.py:1206: ConvergenceWarning: Liblinear failed to converge, increase the number of iterations.
  warnings.warn(
/home/est_posgrado_maria.garcia/.conda/envs/proyecto/lib/python3.10/site-packages/sklearn/svm/_base.py:1206: ConvergenceWarning: Liblinear failed to converge, increase the number of iterations.
  warnings.warn(
/home/est_posgrado_maria.garcia/.conda/envs/proyecto/lib/python3.10/site-packages/sklearn/svm/_base.py:1206: ConvergenceWarning: Liblinear failed to converge, increase the number of iterations.
  warnings.warn(
/home/est_posgrado_maria.garcia/.conda/envs/proyecto/lib/python3.10/site-packages/sklearn/svm/_base.py:1206: ConvergenceWarning: Liblinear failed to converge, increase the number of iterations.
  warnings.warn(
/home/est_posgrado_maria.garcia/.conda/envs/proyecto/lib/python3.10/site-packages/sklearn/svm/_base.py:1206: ConvergenceWarning: Liblinear failed to converge, increase the number of iterations.
  warnings.warn(
/home/est_posgrado_maria.garcia/.conda/envs/proyecto/lib/python3.10/site-packages/sklearn/svm/_base.py:1206: ConvergenceWarning: Liblinear failed to converge, increase the number of iterations.
  warnings.warn(
/home/est_posgrado_maria.garcia/.conda/envs/proyecto/lib/python3.10/site-packages/sklearn/svm/_base.py:1206: ConvergenceWarning: Liblinear failed to converge, increase the number of iterations.
  warnings.warn(
/home/est_posgrado_maria.garcia/.conda/envs/proyecto/lib/python3.10/site-packages/sklearn/svm/_base.py:1206: ConvergenceWarning: Liblinear failed to converge, increase the number of iterations.
  warnings.warn(
Vectorization for train data: Done
Vectorization for test data: Done
Vectorization for train data: Done
Vectorization for test data: Done
Vectorization for train data: Done
Vectorization for test data: Done
Vectorization for train data: Done
Vectorization for test data: Done
End experiments
Traceback (most recent call last):
  File "/home/est_posgrado_maria.garcia/Proyecto_tecnologico/fuzzy_dep.py", line 191, in <module>
    if f_score[i] > 0.78:
IndexError: list index out of range
Sun 17 Jul 2022 11:39:43 AM CDT
