c-1-34
Sun 21 Aug 2022 05:02:55 PM CDT
Warning : `load_model` does not return WordVectorModel or SupervisedModel any more, but a `FastText` object which is very similar.
Load_anxia
Load_dep
Load pretrained
Begins experiments
19
quitando stopwords
(1707, 123) (1399, 123)
done in 6262.825619s
13
quitando stopwords
(1707, 2926) (1399, 2926)
done in 7704.723520s
15
quitando stopwords
(1707, 1736) (1399, 1736)
done in 7529.588530s
11
quitando stopwords
(1707, 3902) (1399, 3902)
done in 7878.519307s
12
quitando stopwords
(1707, 1008) (1399, 1008)
done in 8365.418813s
20
quitando stopwords
(1707, 948) (1399, 948)
done in 8172.171083s
14
quitando stopwords
(1707, 4721) (1399, 4721)
done in 8222.276934s
10
(1707, 1551) (1399, 1551)
done in 8988.827358s
8
(1707, 1865) (1399, 1865)
done in 9224.594901s
7
(1707, 3879) (1399, 3879)
done in 9494.141476s
6
(1707, 4179) (1399, 4179)
done in 9558.404503s
9
(1707, 4850) (1399, 4850)
done in 9728.619903s
4
(1707, 5756) (1399, 5756)
done in 9885.131874s
3
(1707, 6538) (1399, 6538)
done in 10212.055022s
5
(1707, 8747) (1399, 8747)
done in 10527.415424s
1
(1707, 9529) (1399, 9529)
done in 10722.889938s
18
quitando stopwords
(1707, 16000) (1399, 16000)
done in 10820.691263s
2
(1707, 9529) (1399, 9529)
done in 10733.027919s
16
quitando stopwords
(1707, 16000) (1399, 16000)
done in 10830.124246s
[(0.5286343612334802, {'C': 2}, 1529, 8000), (0.5286343612334802, {'C': 2}, 1529, 8000), (0.5344827586206897, {'C': 0.12}, 1529, 5009), (0.5236051502145923, {'C': 1}, 747, 5009), (0.5565217391304348, {'C': 0.25}, 747, 8000), (0.5042735042735041, {'C': 0.05}, 747, 3432), (0.5022026431718062, {'C': 0.25}, 447, 3432), (0.41818181818181815, {'C': 0.12}, 447, 1418), (0.5, {'C': 4}, 447, 4403), (0.4273504273504274, {'C': 0.05}, 133, 1418), (0.4609053497942387, {'C': 2}, 133, 3769), (0.3538461538461538, {'C': 2}, 133, 875), (0.5087719298245614, {'C': 0.05}, 318, 2608), (0.5210084033613446, {'C': 0.05}, 318, 4403), (0.4206008583690988, {'C': 0.05}, 318, 1418), (0.5511111111111112, {'C': 0.5}, 8000, 8000), (0.5511111111111112, {'C': 0.5}, 8000, 8000), (0.5511111111111112, {'C': 0.5}, 8000, 8000), (0.23984526112185686, {'C': 0.25}, 18, 105), (0.3781818181818182, {'C': 0.05}, 73, 875)]
End experiments
End experiments
Sun 21 Aug 2022 08:07:56 PM CDT
