c-1-13
Tue 26 Jul 2022 10:22:59 PM CDT
Warning : `load_model` does not return WordVectorModel or SupervisedModel any more, but a `FastText` object which is very similar.
Load_anxia
Load_dep
Load pretrained
Begins experiments

/home/est_posgrado_maria.garcia/.conda/envs/proyecto/lib/python3.10/site-packages/joblib/parallel.py:735: UserWarning: Loky-backed parallel loops cannot be called in a multiprocessing, setting n_jobs=1
  n_jobs = self._backend.configure(n_jobs=self.n_jobs, parallel=self,
/home/est_posgrado_maria.garcia/.conda/envs/proyecto/lib/python3.10/site-packages/sklearn/svm/_base.py:1206: ConvergenceWarning: Liblinear failed to converge, increase the number of iterations.
  warnings.warn(
/home/est_posgrado_maria.garcia/.conda/envs/proyecto/lib/python3.10/site-packages/sklearn/svm/_base.py:1206: ConvergenceWarning: Liblinear failed to converge, increase the number of iterations.
  warnings.warn(
/home/est_posgrado_maria.garcia/.conda/envs/proyecto/lib/python3.10/site-packages/sklearn/svm/_base.py:1206: ConvergenceWarning: Liblinear failed to converge, increase the number of iterations.
  warnings.warn(
/home/est_posgrado_maria.garcia/.conda/envs/proyecto/lib/python3.10/site-packages/sklearn/svm/_base.py:1206: ConvergenceWarning: Liblinear failed to converge, increase the number of iterations.
  warnings.warn(
/home/est_posgrado_maria.garcia/.conda/envs/proyecto/lib/python3.10/site-packages/sklearn/svm/_base.py:1206: ConvergenceWarning: Liblinear failed to converge, increase the number of iterations.
  warnings.warn(
/home/est_posgrado_maria.garcia/.conda/envs/proyecto/lib/python3.10/site-packages/sklearn/svm/_base.py:1206: ConvergenceWarning: Liblinear failed to converge, increase the number of iterations.
  warnings.warn(
/home/est_posgrado_maria.garcia/.conda/envs/proyecto/lib/python3.10/site-packages/sklearn/svm/_base.py:1206: ConvergenceWarning: Liblinear failed to converge, increase the number of iterations.
  warnings.warn(
/home/est_posgrado_maria.garcia/.conda/envs/proyecto/lib/python3.10/site-packages/sklearn/svm/_base.py:1206: ConvergenceWarning: Liblinear failed to converge, increase the number of iterations.
  warnings.warn(
/home/est_posgrado_maria.garcia/.conda/envs/proyecto/lib/python3.10/site-packages/sklearn/svm/_base.py:1206: ConvergenceWarning: Liblinear failed to converge, increase the number of iterations.
  warnings.warn(
/home/est_posgrado_maria.garcia/.conda/envs/proyecto/lib/python3.10/site-packages/sklearn/svm/_base.py:1206: ConvergenceWarning: Liblinear failed to converge, increase the number of iterations.
  warnings.warn(
/home/est_posgrado_maria.garcia/.conda/envs/proyecto/lib/python3.10/site-packages/sklearn/svm/_base.py:1206: ConvergenceWarning: Liblinear failed to converge, increase the number of iterations.
  warnings.warn(
/home/est_posgrado_maria.garcia/.conda/envs/proyecto/lib/python3.10/site-packages/sklearn/svm/_base.py:1206: ConvergenceWarning: Liblinear failed to converge, increase the number of iterations.
  warnings.warn(
/home/est_posgrado_maria.garcia/.conda/envs/proyecto/lib/python3.10/site-packages/sklearn/svm/_base.py:1206: ConvergenceWarning: Liblinear failed to converge, increase the number of iterations.
  warnings.warn(
/home/est_posgrado_maria.garcia/.conda/envs/proyecto/lib/python3.10/site-packages/sklearn/svm/_base.py:1206: ConvergenceWarning: Liblinear failed to converge, increase the number of iterations.
  warnings.warn(
/home/est_posgrado_maria.garcia/.conda/envs/proyecto/lib/python3.10/site-packages/sklearn/svm/_base.py:1206: ConvergenceWarning: Liblinear failed to converge, increase the number of iterations.
  warnings.warn(
/home/est_posgrado_maria.garcia/.conda/envs/proyecto/lib/python3.10/site-packages/sklearn/svm/_base.py:1206: ConvergenceWarning: Liblinear failed to converge, increase the number of iterations.
  warnings.warn(
/home/est_posgrado_maria.garcia/.conda/envs/proyecto/lib/python3.10/site-packages/sklearn/svm/_base.py:1206: ConvergenceWarning: Liblinear failed to converge, increase the number of iterations.
  warnings.warn(
/home/est_posgrado_maria.garcia/.conda/envs/proyecto/lib/python3.10/site-packages/sklearn/svm/_base.py:1206: ConvergenceWarning: Liblinear failed to converge, increase the number of iterations.
  warnings.warn(
/home/est_posgrado_maria.garcia/.conda/envs/proyecto/lib/python3.10/site-packages/sklearn/svm/_base.py:1206: ConvergenceWarning: Liblinear failed to converge, increase the number of iterations.
  warnings.warn(
/home/est_posgrado_maria.garcia/.conda/envs/proyecto/lib/python3.10/site-packages/sklearn/svm/_base.py:1206: ConvergenceWarning: Liblinear failed to converge, increase the number of iterations.
  warnings.warn(
/home/est_posgrado_maria.garcia/.conda/envs/proyecto/lib/python3.10/site-packages/sklearn/svm/_base.py:1206: ConvergenceWarning: Liblinear failed to converge, increase the number of iterations.
  warnings.warn(
/home/est_posgrado_maria.garcia/.conda/envs/proyecto/lib/python3.10/site-packages/sklearn/svm/_base.py:1206: ConvergenceWarning: Liblinear failed to converge, increase the number of iterations.
  warnings.warn(
/home/est_posgrado_maria.garcia/.conda/envs/proyecto/lib/python3.10/site-packages/sklearn/svm/_base.py:1206: ConvergenceWarning: Liblinear failed to converge, increase the number of iterations.
  warnings.warn(
/home/est_posgrado_maria.garcia/.conda/envs/proyecto/lib/python3.10/site-packages/sklearn/svm/_base.py:1206: ConvergenceWarning: Liblinear failed to converge, increase the number of iterations.
  warnings.warn(
/home/est_posgrado_maria.garcia/.conda/envs/proyecto/lib/python3.10/site-packages/joblib/parallel.py:735: UserWarning: Loky-backed parallel loops cannot be called in a multiprocessing, setting n_jobs=1
  n_jobs = self._backend.configure(n_jobs=self.n_jobs, parallel=self,
/home/est_posgrado_maria.garcia/.conda/envs/proyecto/lib/python3.10/site-packages/joblib/parallel.py:735: UserWarning: Loky-backed parallel loops cannot be called in a multiprocessing, setting n_jobs=1
  n_jobs = self._backend.configure(n_jobs=self.n_jobs, parallel=self,
/home/est_posgrado_maria.garcia/.conda/envs/proyecto/lib/python3.10/site-packages/joblib/parallel.py:735: UserWarning: Loky-backed parallel loops cannot be called in a multiprocessing, setting n_jobs=1
  n_jobs = self._backend.configure(n_jobs=self.n_jobs, parallel=self,
/home/est_posgrado_maria.garcia/.conda/envs/proyecto/lib/python3.10/site-packages/joblib/parallel.py:735: UserWarning: Loky-backed parallel loops cannot be called in a multiprocessing, setting n_jobs=1
  n_jobs = self._backend.configure(n_jobs=self.n_jobs, parallel=self,
/home/est_posgrado_maria.garcia/.conda/envs/proyecto/lib/python3.10/site-packages/joblib/parallel.py:735: UserWarning: Loky-backed parallel loops cannot be called in a multiprocessing, setting n_jobs=1
  n_jobs = self._backend.configure(n_jobs=self.n_jobs, parallel=self,
/home/est_posgrado_maria.garcia/.conda/envs/proyecto/lib/python3.10/site-packages/joblib/parallel.py:735: UserWarning: Loky-backed parallel loops cannot be called in a multiprocessing, setting n_jobs=1
  n_jobs = self._backend.configure(n_jobs=self.n_jobs, parallel=self,
/home/est_posgrado_maria.garcia/.conda/envs/proyecto/lib/python3.10/site-packages/joblib/parallel.py:735: UserWarning: Loky-backed parallel loops cannot be called in a multiprocessing, setting n_jobs=1
  n_jobs = self._backend.configure(n_jobs=self.n_jobs, parallel=self,
/home/est_posgrado_maria.garcia/.conda/envs/proyecto/lib/python3.10/site-packages/joblib/parallel.py:735: UserWarning: Loky-backed parallel loops cannot be called in a multiprocessing, setting n_jobs=1
  n_jobs = self._backend.configure(n_jobs=self.n_jobs, parallel=self,
/home/est_posgrado_maria.garcia/.conda/envs/proyecto/lib/python3.10/site-packages/joblib/parallel.py:735: UserWarning: Loky-backed parallel loops cannot be called in a multiprocessing, setting n_jobs=1
  n_jobs = self._backend.configure(n_jobs=self.n_jobs, parallel=self,
61 1000 1000 2 0.99 False False True False
65 3000 3000 2 0.99 False False True False
66 4000 4000 2 0.99 False False True False
67 4500 4500 2 0.99 False False True False
68 5000 5000 2 0.99 False False True False
62 1500 1500 2 0.99 False False True False
69 5500 5500 2 0.99 False False True False
[(0.4117647058823529, {'C': 0.5}), (0.4453781512605042, {'C': 0.05}), (0.4851063829787234, {'C': 0.05}), (0.5064377682403434, {'C': 0.05}), (0.5152838427947598, {'C': 0.05}), (0.5, {'C': 0.5}), (0.5267857142857143, {'C': 0.05}), (0.5240174672489083, {'C': 0.05}), (0.5344827586206897, {'C': 0.05}), (0.5236051502145923, {'C': 0.05})]

End experiments

Wed 27 Jul 2022 12:25:37 AM CDT
