c-1-9
Tue 26 Jul 2022 10:12:56 PM CDT
Warning : `load_model` does not return WordVectorModel or SupervisedModel any more, but a `FastText` object which is very similar.
Load_anxia
Load_dep
Load pretrained
Begins experiments
/home/est_posgrado_maria.garcia/.conda/envs/proyecto/lib/python3.10/site-packages/joblib/parallel.py:735: UserWarning: Loky-backed parallel loops cannot be called in a multiprocessing, setting n_jobs=1
  n_jobs = self._backend.configure(n_jobs=self.n_jobs, parallel=self,
/home/est_posgrado_maria.garcia/.conda/envs/proyecto/lib/python3.10/site-packages/joblib/parallel.py:735: UserWarning: Loky-backed parallel loops cannot be called in a multiprocessing, setting n_jobs=1
  n_jobs = self._backend.configure(n_jobs=self.n_jobs, parallel=self,
/home/est_posgrado_maria.garcia/.conda/envs/proyecto/lib/python3.10/site-packages/joblib/parallel.py:735: UserWarning: Loky-backed parallel loops cannot be called in a multiprocessing, setting n_jobs=1
  n_jobs = self._backend.configure(n_jobs=self.n_jobs, parallel=self,
/home/est_posgrado_maria.garcia/.conda/envs/proyecto/lib/python3.10/site-packages/joblib/parallel.py:735: UserWarning: Loky-backed parallel loops cannot be called in a multiprocessing, setting n_jobs=1
  n_jobs = self._backend.configure(n_jobs=self.n_jobs, parallel=self,
/home/est_posgrado_maria.garcia/.conda/envs/proyecto/lib/python3.10/site-packages/joblib/parallel.py:735: UserWarning: Loky-backed parallel loops cannot be called in a multiprocessing, setting n_jobs=1
  n_jobs = self._backend.configure(n_jobs=self.n_jobs, parallel=self,
/home/est_posgrado_maria.garcia/.conda/envs/proyecto/lib/python3.10/site-packages/joblib/parallel.py:735: UserWarning: Loky-backed parallel loops cannot be called in a multiprocessing, setting n_jobs=1
  n_jobs = self._backend.configure(n_jobs=self.n_jobs, parallel=self,
/home/est_posgrado_maria.garcia/.conda/envs/proyecto/lib/python3.10/site-packages/joblib/parallel.py:735: UserWarning: Loky-backed parallel loops cannot be called in a multiprocessing, setting n_jobs=1
  n_jobs = self._backend.configure(n_jobs=self.n_jobs, parallel=self,
/home/est_posgrado_maria.garcia/.conda/envs/proyecto/lib/python3.10/site-packages/joblib/parallel.py:735: UserWarning: Loky-backed parallel loops cannot be called in a multiprocessing, setting n_jobs=1
  n_jobs = self._backend.configure(n_jobs=self.n_jobs, parallel=self,
/home/est_posgrado_maria.garcia/.conda/envs/proyecto/lib/python3.10/site-packages/joblib/parallel.py:735: UserWarning: Loky-backed parallel loops cannot be called in a multiprocessing, setting n_jobs=1
  n_jobs = self._backend.configure(n_jobs=self.n_jobs, parallel=self,
/home/est_posgrado_maria.garcia/.conda/envs/proyecto/lib/python3.10/site-packages/joblib/parallel.py:735: UserWarning: Loky-backed parallel loops cannot be called in a multiprocessing, setting n_jobs=1
  n_jobs = self._backend.configure(n_jobs=self.n_jobs, parallel=self,
/home/est_posgrado_maria.garcia/.conda/envs/proyecto/lib/python3.10/site-packages/joblib/parallel.py:735: UserWarning: Loky-backed parallel loops cannot be called in a multiprocessing, setting n_jobs=1
  n_jobs = self._backend.configure(n_jobs=self.n_jobs, parallel=self,
/home/est_posgrado_maria.garcia/.conda/envs/proyecto/lib/python3.10/site-packages/joblib/parallel.py:735: UserWarning: Loky-backed parallel loops cannot be called in a multiprocessing, setting n_jobs=1
  n_jobs = self._backend.configure(n_jobs=self.n_jobs, parallel=self,
/home/est_posgrado_maria.garcia/.conda/envs/proyecto/lib/python3.10/site-packages/joblib/parallel.py:735: UserWarning: Loky-backed parallel loops cannot be called in a multiprocessing, setting n_jobs=1
  n_jobs = self._backend.configure(n_jobs=self.n_jobs, parallel=self,
/home/est_posgrado_maria.garcia/.conda/envs/proyecto/lib/python3.10/site-packages/joblib/parallel.py:735: UserWarning: Loky-backed parallel loops cannot be called in a multiprocessing, setting n_jobs=1
  n_jobs = self._backend.configure(n_jobs=self.n_jobs, parallel=self,
/home/est_posgrado_maria.garcia/.conda/envs/proyecto/lib/python3.10/site-packages/joblib/parallel.py:735: UserWarning: Loky-backed parallel loops cannot be called in a multiprocessing, setting n_jobs=1
  n_jobs = self._backend.configure(n_jobs=self.n_jobs, parallel=self,
/home/est_posgrado_maria.garcia/.conda/envs/proyecto/lib/python3.10/site-packages/joblib/parallel.py:735: UserWarning: Loky-backed parallel loops cannot be called in a multiprocessing, setting n_jobs=1
  n_jobs = self._backend.configure(n_jobs=self.n_jobs, parallel=self,
/home/est_posgrado_maria.garcia/.conda/envs/proyecto/lib/python3.10/site-packages/joblib/parallel.py:735: UserWarning: Loky-backed parallel loops cannot be called in a multiprocessing, setting n_jobs=1
  n_jobs = self._backend.configure(n_jobs=self.n_jobs, parallel=self,
/home/est_posgrado_maria.garcia/.conda/envs/proyecto/lib/python3.10/site-packages/joblib/parallel.py:735: UserWarning: Loky-backed parallel loops cannot be called in a multiprocessing, setting n_jobs=1
  n_jobs = self._backend.configure(n_jobs=self.n_jobs, parallel=self,
/home/est_posgrado_maria.garcia/.conda/envs/proyecto/lib/python3.10/site-packages/joblib/parallel.py:735: UserWarning: Loky-backed parallel loops cannot be called in a multiprocessing, setting n_jobs=1
  n_jobs = self._backend.configure(n_jobs=self.n_jobs, parallel=self,
/home/est_posgrado_maria.garcia/.conda/envs/proyecto/lib/python3.10/site-packages/joblib/parallel.py:735: UserWarning: Loky-backed parallel loops cannot be called in a multiprocessing, setting n_jobs=1
  n_jobs = self._backend.configure(n_jobs=self.n_jobs, parallel=self,
231 1000 1000 3 0.99 True True True True
quitando stopwords
232 1500 1500 3 0.99 True True True True
quitando stopwords
233 2000 2000 3 0.99 True True True True
quitando stopwords
235 3000 3000 3 0.99 True True True True
quitando stopwords
234 2500 2500 3 0.99 True True True True
quitando stopwords
222 1500 1500 3 0.99 True False True True
221 1000 1000 3 0.99 True False True True
236 4000 4000 3 0.99 True True True True
quitando stopwords
223 2000 2000 3 0.99 True False True True
224 2500 2500 3 0.99 True False True True
237 4500 4500 3 0.99 True True True True
quitando stopwords
238 5000 5000 3 0.99 True True True True
quitando stopwords
225 3000 3000 3 0.99 True False True True
239 5500 5500 3 0.99 True True True True
quitando stopwords
226 4000 4000 3 0.99 True False True True
240 6000 6000 3 0.99 True True True True
quitando stopwords
227 4500 4500 3 0.99 True False True True
230 6000 6000 3 0.99 True False True True
229 5500 5500 3 0.99 True False True True
[(0.3648068669527897, {'C': 0.12}), (0.33599999999999997, {'C': 0.05}), (0.3314500941619586, {'C': 0.25}), (0.30689655172413793, {'C': 0.12}), (0.332703213610586, {'C': 0.12}), (0.3247232472324723, {'C': 0.05}), (0.28475711892797323, {'C': 0.05}), (0.2623456790123456, {'C': 0.05}), (0.2537764350453172, {'C': 0.05}), (0.25, {'C': 0.05}), (0.3648068669527897, {'C': 0.25}), (0.3373493975903614, {'C': 0.12}), (0.33976833976833976, {'C': 0.12}), (0.3117338003502627, {'C': 0.05}), (0.33333333333333337, {'C': 0.12}), (0.3241252302025783, {'C': 0.05}), (0.28667790893760536, {'C': 0.05}), (0.2603369065849923, {'C': 0.05}), (0.2541603630862329, {'C': 0.05}), (0.24962852897473997, {'C': 0.12})]
End experiments
End experiments
Wed 27 Jul 2022 01:44:31 AM CDT
